Streaming transaction logs mentioning 9xQeWvG816bUx9EPjHmaT23yvVM2ZWbrrpZb9PusVFin. Confirmed commitment
Transaction executed in slot 13:
  Signature: 2bwTT3nm2HjdoioURoA71NJdK4B1oAr4XZusL1geapJuAwoLY58AGgG2JEc56fnN5qWSQqmEz3HBvHV7cgcR4ooF
  Status: Ok
  Log Messages:
    Program 11111111111111111111111111111111 invoke [1]
    Program 11111111111111111111111111111111 success
    Program 11111111111111111111111111111111 invoke [1]
    Program 11111111111111111111111111111111 success
    Program 11111111111111111111111111111111 invoke [1]
    Program 11111111111111111111111111111111 success
    Program 11111111111111111111111111111111 invoke [1]
    Program 11111111111111111111111111111111 success
    Program 11111111111111111111111111111111 invoke [1]
    Program 11111111111111111111111111111111 success
    Program 9xQeWvG816bUx9EPjHmaT23yvVM2ZWbrrpZb9PusVFin invoke [1]
    Program 9xQeWvG816bUx9EPjHmaT23yvVM2ZWbrrpZb9PusVFin consumed 13485 of 200000 compute units
    Program 9xQeWvG816bUx9EPjHmaT23yvVM2ZWbrrpZb9PusVFin success
Transaction executed in slot 14:
  Signature: 4cSd9kQoPCThnT4jEjVtgCxV5BkZF95kYmxJoJjk4JmEUaffBvkSAJPUjfhZ4L24L9AJYvFBcbBgf8aob3MDdF49
  Status: Ok
  Log Messages:
    Program 11111111111111111111111111111111 invoke [1]
    Program 11111111111111111111111111111111 success
    Program 11111111111111111111111111111111 invoke [1]
    Program 11111111111111111111111111111111 success
    Program 11111111111111111111111111111111 invoke [1]
    Program 11111111111111111111111111111111 success
    Program 11111111111111111111111111111111 invoke [1]
    Program 11111111111111111111111111111111 success
    Program 11111111111111111111111111111111 invoke [1]
    Program 11111111111111111111111111111111 success
    Program 9xQeWvG816bUx9EPjHmaT23yvVM2ZWbrrpZb9PusVFin invoke [1]
    Program 9xQeWvG816bUx9EPjHmaT23yvVM2ZWbrrpZb9PusVFin consumed 13485 of 200000 compute units
    Program 9xQeWvG816bUx9EPjHmaT23yvVM2ZWbrrpZb9PusVFin success
Transaction executed in slot 15:
  Signature: 5xRYcTfeXP7KaLj1pwqqf6r5BFLfz8zu7mUsX1oSXCfxsdCEgibisjJP2ouoGb1pZaCUN5UaVqwydNZXP6kCE9ER
  Status: Ok
  Log Messages:
    Program 11111111111111111111111111111111 invoke [1]
    Program 11111111111111111111111111111111 success
    Program 11111111111111111111111111111111 invoke [1]
    Program 11111111111111111111111111111111 success
    Program 11111111111111111111111111111111 invoke [1]
    Program 11111111111111111111111111111111 success
    Program 11111111111111111111111111111111 invoke [1]
    Program 11111111111111111111111111111111 success
    Program 11111111111111111111111111111111 invoke [1]
    Program 11111111111111111111111111111111 success
    Program 9xQeWvG816bUx9EPjHmaT23yvVM2ZWbrrpZb9PusVFin invoke [1]
    Program 9xQeWvG816bUx9EPjHmaT23yvVM2ZWbrrpZb9PusVFin consumed 13485 of 200000 compute units
    Program 9xQeWvG816bUx9EPjHmaT23yvVM2ZWbrrpZb9PusVFin success
Transaction executed in slot 23:
  Signature: 462mFrwxv92EbXAUYeUQ4d6wU7yL55YYYHdivsgTMo6FzrYDDhfoGGhh9Jqgh6YRmQ5HUYDfA4HhxGLYGuifn6pg
  Status: Ok
  Log Messages:
    Program 11111111111111111111111111111111 invoke [1]
    Program 11111111111111111111111111111111 success
    Program 4XNgKWTqzddrR5AoKRusqceLCq9efr4T1iZpVkpndPTk invoke [1]
    Program 11111111111111111111111111111111 invoke [2]
    Program 11111111111111111111111111111111 success
    Program TokenkegQfeZyiNwAJbNbGKPFXCWuBvf9Ss623VQ5DA invoke [2]
    Program log: Instruction: InitializeAccount
    Program TokenkegQfeZyiNwAJbNbGKPFXCWuBvf9Ss623VQ5DA consumed 3449 of 189260 compute units
    Program TokenkegQfeZyiNwAJbNbGKPFXCWuBvf9Ss623VQ5DA success
    Program 11111111111111111111111111111111 invoke [2]
    Program 11111111111111111111111111111111 success
    Program 11111111111111111111111111111111 invoke [2]
    Program 11111111111111111111111111111111 success
    Program TokenkegQfeZyiNwAJbNbGKPFXCWuBvf9Ss623VQ5DA invoke [2]
    Program log: Instruction: InitializeAccount
    Program TokenkegQfeZyiNwAJbNbGKPFXCWuBvf9Ss623VQ5DA consumed 3449 of 167813 compute units
    Program TokenkegQfeZyiNwAJbNbGKPFXCWuBvf9Ss623VQ5DA success
    Program 11111111111111111111111111111111 invoke [2]
    Program 11111111111111111111111111111111 success
    Program 11111111111111111111111111111111 invoke [2]
    Program 11111111111111111111111111111111 success
    Program 11111111111111111111111111111111 invoke [2]
    Program 11111111111111111111111111111111 success
    Program 9xQeWvG816bUx9EPjHmaT23yvVM2ZWbrrpZb9PusVFin invoke [2]
    Program 9xQeWvG816bUx9EPjHmaT23yvVM2ZWbrrpZb9PusVFin consumed 3371 of 136993 compute units
    Program 9xQeWvG816bUx9EPjHmaT23yvVM2ZWbrrpZb9PusVFin success
    Program log: registered reserve #0
    Program TokenkegQfeZyiNwAJbNbGKPFXCWuBvf9Ss623VQ5DA invoke [2]
    Program log: Instruction: InitializeMint
    Program TokenkegQfeZyiNwAJbNbGKPFXCWuBvf9Ss623VQ5DA consumed 2391 of 130590 compute units
    Program TokenkegQfeZyiNwAJbNbGKPFXCWuBvf9Ss623VQ5DA success
    Program TokenkegQfeZyiNwAJbNbGKPFXCWuBvf9Ss623VQ5DA invoke [2]
    Program log: Instruction: InitializeMint
    Program TokenkegQfeZyiNwAJbNbGKPFXCWuBvf9Ss623VQ5DA consumed 2391 of 126103 compute units
    Program TokenkegQfeZyiNwAJbNbGKPFXCWuBvf9Ss623VQ5DA success
    Program TokenkegQfeZyiNwAJbNbGKPFXCWuBvf9Ss623VQ5DA invoke [2]
    Program log: Instruction: InitializeAccount
    Program TokenkegQfeZyiNwAJbNbGKPFXCWuBvf9Ss623VQ5DA consumed 3449 of 121106 compute units
    Program TokenkegQfeZyiNwAJbNbGKPFXCWuBvf9Ss623VQ5DA success
    Program 4XNgKWTqzddrR5AoKRusqceLCq9efr4T1iZpVkpndPTk consumed 83623 of 200000 compute units
    Program 4XNgKWTqzddrR5AoKRusqceLCq9efr4T1iZpVkpndPTk success
Transaction executed in slot 24:
  Signature: 42R88UXSUAoQbfCp25qSFKaqUVrwbmhD377H5cHh4TmjuLniEDjK5Wgm1UUU2Bpd77KkP16LZcwsu8E7H5EV6Jv2
  Status: Ok
  Log Messages:
    Program 11111111111111111111111111111111 invoke [1]
    Program 11111111111111111111111111111111 success
    Program 4XNgKWTqzddrR5AoKRusqceLCq9efr4T1iZpVkpndPTk invoke [1]
    Program 11111111111111111111111111111111 invoke [2]
    Program 11111111111111111111111111111111 success
    Program TokenkegQfeZyiNwAJbNbGKPFXCWuBvf9Ss623VQ5DA invoke [2]
    Program log: Instruction: InitializeAccount
    Program TokenkegQfeZyiNwAJbNbGKPFXCWuBvf9Ss623VQ5DA consumed 3449 of 189413 compute units
    Program TokenkegQfeZyiNwAJbNbGKPFXCWuBvf9Ss623VQ5DA success
    Program 11111111111111111111111111111111 invoke [2]
    Program 11111111111111111111111111111111 success
    Program 11111111111111111111111111111111 invoke [2]
    Program 11111111111111111111111111111111 success
    Program TokenkegQfeZyiNwAJbNbGKPFXCWuBvf9Ss623VQ5DA invoke [2]
    Program log: Instruction: InitializeAccount
    Program TokenkegQfeZyiNwAJbNbGKPFXCWuBvf9Ss623VQ5DA consumed 3449 of 167966 compute units
    Program TokenkegQfeZyiNwAJbNbGKPFXCWuBvf9Ss623VQ5DA success
    Program 11111111111111111111111111111111 invoke [2]
    Program 11111111111111111111111111111111 success
    Program 11111111111111111111111111111111 invoke [2]
    Program 11111111111111111111111111111111 success
    Program 11111111111111111111111111111111 invoke [2]
    Program 11111111111111111111111111111111 success
    Program log: registered reserve #1
    Program TokenkegQfeZyiNwAJbNbGKPFXCWuBvf9Ss623VQ5DA invoke [2]
    Program log: Instruction: InitializeMint
    Program TokenkegQfeZyiNwAJbNbGKPFXCWuBvf9Ss623VQ5DA consumed 2391 of 130352 compute units
    Program TokenkegQfeZyiNwAJbNbGKPFXCWuBvf9Ss623VQ5DA success
    Program TokenkegQfeZyiNwAJbNbGKPFXCWuBvf9Ss623VQ5DA invoke [2]
    Program log: Instruction: InitializeMint
    Program TokenkegQfeZyiNwAJbNbGKPFXCWuBvf9Ss623VQ5DA consumed 2391 of 125865 compute units
    Program TokenkegQfeZyiNwAJbNbGKPFXCWuBvf9Ss623VQ5DA success
    Program TokenkegQfeZyiNwAJbNbGKPFXCWuBvf9Ss623VQ5DA invoke [2]
    Program log: Instruction: InitializeAccount
    Program TokenkegQfeZyiNwAJbNbGKPFXCWuBvf9Ss623VQ5DA consumed 3449 of 120868 compute units
    Program TokenkegQfeZyiNwAJbNbGKPFXCWuBvf9Ss623VQ5DA success
    Program 4XNgKWTqzddrR5AoKRusqceLCq9efr4T1iZpVkpndPTk consumed 83819 of 200000 compute units
    Program 4XNgKWTqzddrR5AoKRusqceLCq9efr4T1iZpVkpndPTk success
Transaction executed in slot 25:
  Signature: 2Psax9wi2qJ1iBmqVQLa4rSU5x4Mfz2LKfoUuHgFoMzykAjPq1u5Pi8H9oafSiRxyuzup48U2MCPtQrDzW8AmJ5f
  Status: Ok
  Log Messages:
    Program 11111111111111111111111111111111 invoke [1]
    Program 11111111111111111111111111111111 success
    Program 4XNgKWTqzddrR5AoKRusqceLCq9efr4T1iZpVkpndPTk invoke [1]
    Program 11111111111111111111111111111111 invoke [2]
    Program 11111111111111111111111111111111 success
    Program TokenkegQfeZyiNwAJbNbGKPFXCWuBvf9Ss623VQ5DA invoke [2]
    Program log: Instruction: InitializeAccount
    Program TokenkegQfeZyiNwAJbNbGKPFXCWuBvf9Ss623VQ5DA consumed 3449 of 189260 compute units
    Program TokenkegQfeZyiNwAJbNbGKPFXCWuBvf9Ss623VQ5DA success
    Program 11111111111111111111111111111111 invoke [2]
    Program 11111111111111111111111111111111 success
    Program 11111111111111111111111111111111 invoke [2]
    Program 11111111111111111111111111111111 success
    Program TokenkegQfeZyiNwAJbNbGKPFXCWuBvf9Ss623VQ5DA invoke [2]
    Program log: Instruction: InitializeAccount
    Program TokenkegQfeZyiNwAJbNbGKPFXCWuBvf9Ss623VQ5DA consumed 3449 of 172313 compute units
    Program TokenkegQfeZyiNwAJbNbGKPFXCWuBvf9Ss623VQ5DA success
    Program 11111111111111111111111111111111 invoke [2]
    Program 11111111111111111111111111111111 success
    Program 11111111111111111111111111111111 invoke [2]
    Program 11111111111111111111111111111111 success
    Program 11111111111111111111111111111111 invoke [2]
    Program 11111111111111111111111111111111 success
    Program 9xQeWvG816bUx9EPjHmaT23yvVM2ZWbrrpZb9PusVFin invoke [2]
    Program 9xQeWvG816bUx9EPjHmaT23yvVM2ZWbrrpZb9PusVFin consumed 3371 of 144493 compute units
    Program 9xQeWvG816bUx9EPjHmaT23yvVM2ZWbrrpZb9PusVFin success
    Program log: registered reserve #2
    Program TokenkegQfeZyiNwAJbNbGKPFXCWuBvf9Ss623VQ5DA invoke [2]
    Program log: Instruction: InitializeMint
    Program TokenkegQfeZyiNwAJbNbGKPFXCWuBvf9Ss623VQ5DA consumed 2391 of 137995 compute units
    Program TokenkegQfeZyiNwAJbNbGKPFXCWuBvf9Ss623VQ5DA success
    Program TokenkegQfeZyiNwAJbNbGKPFXCWuBvf9Ss623VQ5DA invoke [2]
    Program log: Instruction: InitializeMint
    Program TokenkegQfeZyiNwAJbNbGKPFXCWuBvf9Ss623VQ5DA consumed 2391 of 133508 compute units
    Program TokenkegQfeZyiNwAJbNbGKPFXCWuBvf9Ss623VQ5DA success
    Program TokenkegQfeZyiNwAJbNbGKPFXCWuBvf9Ss623VQ5DA invoke [2]
    Program log: Instruction: InitializeAccount
    Program TokenkegQfeZyiNwAJbNbGKPFXCWuBvf9Ss623VQ5DA consumed 3449 of 128511 compute units
    Program TokenkegQfeZyiNwAJbNbGKPFXCWuBvf9Ss623VQ5DA success
    Program 4XNgKWTqzddrR5AoKRusqceLCq9efr4T1iZpVkpndPTk consumed 76218 of 200000 compute units
    Program 4XNgKWTqzddrR5AoKRusqceLCq9efr4T1iZpVkpndPTk success
Transaction executed in slot 25:
  Signature: 5Trz2fyLs1XAZZ59FKHrDdCsvueFTct7PTSUGaSB82cM6Gn1uC8X4og9c33jnXTDd2CQgomzYDYE1XDgyVPjVL89
  Status: Ok
  Log Messages:
    Program 11111111111111111111111111111111 invoke [1]
    Program 11111111111111111111111111111111 success
    Program 4XNgKWTqzddrR5AoKRusqceLCq9efr4T1iZpVkpndPTk invoke [1]
    Program 11111111111111111111111111111111 invoke [2]
    Program 11111111111111111111111111111111 success
    Program TokenkegQfeZyiNwAJbNbGKPFXCWuBvf9Ss623VQ5DA invoke [2]
    Program log: Instruction: InitializeAccount
    Program TokenkegQfeZyiNwAJbNbGKPFXCWuBvf9Ss623VQ5DA consumed 3449 of 189260 compute units
    Program TokenkegQfeZyiNwAJbNbGKPFXCWuBvf9Ss623VQ5DA success
    Program 11111111111111111111111111111111 invoke [2]
    Program 11111111111111111111111111111111 success
    Program 11111111111111111111111111111111 invoke [2]
    Program 11111111111111111111111111111111 success
    Program TokenkegQfeZyiNwAJbNbGKPFXCWuBvf9Ss623VQ5DA invoke [2]
    Program log: Instruction: InitializeAccount
    Program TokenkegQfeZyiNwAJbNbGKPFXCWuBvf9Ss623VQ5DA consumed 3449 of 170813 compute units
    Program TokenkegQfeZyiNwAJbNbGKPFXCWuBvf9Ss623VQ5DA success
    Program 11111111111111111111111111111111 invoke [2]
    Program 11111111111111111111111111111111 success
    Program 11111111111111111111111111111111 invoke [2]
    Program 11111111111111111111111111111111 success
    Program 11111111111111111111111111111111 invoke [2]
    Program 11111111111111111111111111111111 success
    Program 9xQeWvG816bUx9EPjHmaT23yvVM2ZWbrrpZb9PusVFin invoke [2]
    Program 9xQeWvG816bUx9EPjHmaT23yvVM2ZWbrrpZb9PusVFin consumed 3371 of 135493 compute units
    Program 9xQeWvG816bUx9EPjHmaT23yvVM2ZWbrrpZb9PusVFin success
    Program log: registered reserve #3
    Program TokenkegQfeZyiNwAJbNbGKPFXCWuBvf9Ss623VQ5DA invoke [2]
    Program log: Instruction: InitializeMint
    Program TokenkegQfeZyiNwAJbNbGKPFXCWuBvf9Ss623VQ5DA consumed 2391 of 128948 compute units
    Program TokenkegQfeZyiNwAJbNbGKPFXCWuBvf9Ss623VQ5DA success
    Program TokenkegQfeZyiNwAJbNbGKPFXCWuBvf9Ss623VQ5DA invoke [2]
    Program log: Instruction: InitializeMint
    Program TokenkegQfeZyiNwAJbNbGKPFXCWuBvf9Ss623VQ5DA consumed 2391 of 124461 compute units
    Program TokenkegQfeZyiNwAJbNbGKPFXCWuBvf9Ss623VQ5DA success
    Program TokenkegQfeZyiNwAJbNbGKPFXCWuBvf9Ss623VQ5DA invoke [2]
    Program log: Instruction: InitializeAccount
    Program TokenkegQfeZyiNwAJbNbGKPFXCWuBvf9Ss623VQ5DA consumed 3449 of 119464 compute units
    Program TokenkegQfeZyiNwAJbNbGKPFXCWuBvf9Ss623VQ5DA success
    Program 4XNgKWTqzddrR5AoKRusqceLCq9efr4T1iZpVkpndPTk consumed 85265 of 200000 compute units
    Program 4XNgKWTqzddrR5AoKRusqceLCq9efr4T1iZpVkpndPTk success
Transaction executed in slot 31:
  Signature: 4CeDe9h2szeuqTq47pSxNjbULiWXr7ncLAU1rZ5uWBZZtHaRPeYeS8BhX6bDxAHZvdJVmUTxbqdmnXQKQyKK1KjQ
  Status: Ok
  Log Messages:
    Program 11111111111111111111111111111111 invoke [1]
    Program 11111111111111111111111111111111 success
    Program 9xQeWvG816bUx9EPjHmaT23yvVM2ZWbrrpZb9PusVFin invoke [1]
    Program TokenkegQfeZyiNwAJbNbGKPFXCWuBvf9Ss623VQ5DA invoke [2]
    Program log: Instruction: Transfer
    Program TokenkegQfeZyiNwAJbNbGKPFXCWuBvf9Ss623VQ5DA consumed 3121 of 188624 compute units
    Program TokenkegQfeZyiNwAJbNbGKPFXCWuBvf9Ss623VQ5DA success
    Program 9xQeWvG816bUx9EPjHmaT23yvVM2ZWbrrpZb9PusVFin consumed 15636 of 200000 compute units
    Program 9xQeWvG816bUx9EPjHmaT23yvVM2ZWbrrpZb9PusVFin success
Transaction executed in slot 31:
  Signature: 2JcD6fzqVJBHGzr3hSS87hZJAJpswYRMVErbsJNPtzWHTLGgeo81pf8SjefumriBAvYMhkXJGEmnA1by3yR5icij
  Status: Ok
  Log Messages:
    Program 11111111111111111111111111111111 invoke [1]
    Program 11111111111111111111111111111111 success
    Program 9xQeWvG816bUx9EPjHmaT23yvVM2ZWbrrpZb9PusVFin invoke [1]
    Program TokenkegQfeZyiNwAJbNbGKPFXCWuBvf9Ss623VQ5DA invoke [2]
    Program log: Instruction: Transfer
    Program TokenkegQfeZyiNwAJbNbGKPFXCWuBvf9Ss623VQ5DA consumed 3121 of 186682 compute units
    Program TokenkegQfeZyiNwAJbNbGKPFXCWuBvf9Ss623VQ5DA success
    Program 9xQeWvG816bUx9EPjHmaT23yvVM2ZWbrrpZb9PusVFin consumed 17578 of 200000 compute units
    Program 9xQeWvG816bUx9EPjHmaT23yvVM2ZWbrrpZb9PusVFin success
Transaction executed in slot 32:
  Signature: 5WsPKtXesTPzjrv5hMKmZJ4jgFqNqTauiVBadJUcKFUy6LEpRTsJZk9xDzwb3d2vppjqqdzJuETBKLkodgqjaHFS
  Status: Ok
  Log Messages:
    Program 11111111111111111111111111111111 invoke [1]
    Program 11111111111111111111111111111111 success
    Program 9xQeWvG816bUx9EPjHmaT23yvVM2ZWbrrpZb9PusVFin invoke [1]
    Program TokenkegQfeZyiNwAJbNbGKPFXCWuBvf9Ss623VQ5DA invoke [2]
    Program log: Instruction: Transfer
    Program TokenkegQfeZyiNwAJbNbGKPFXCWuBvf9Ss623VQ5DA consumed 3128 of 188617 compute units
    Program TokenkegQfeZyiNwAJbNbGKPFXCWuBvf9Ss623VQ5DA success
    Program 9xQeWvG816bUx9EPjHmaT23yvVM2ZWbrrpZb9PusVFin consumed 15650 of 200000 compute units
    Program 9xQeWvG816bUx9EPjHmaT23yvVM2ZWbrrpZb9PusVFin success
Transaction executed in slot 32:
  Signature: 5zkvSp469Nx8oo7LLE3ubGX9Hzgw44YhKAz8xxFYRzNNDVah1GhWLy6zf9yzUQbrRgJ64ufQ1RMGFqZB4d4Kn9Qp
  Status: Ok
  Log Messages:
    Program 11111111111111111111111111111111 invoke [1]
    Program 11111111111111111111111111111111 success
    Program 9xQeWvG816bUx9EPjHmaT23yvVM2ZWbrrpZb9PusVFin invoke [1]
    Program TokenkegQfeZyiNwAJbNbGKPFXCWuBvf9Ss623VQ5DA invoke [2]
    Program log: Instruction: Transfer
    Program TokenkegQfeZyiNwAJbNbGKPFXCWuBvf9Ss623VQ5DA consumed 3121 of 186289 compute units
    Program TokenkegQfeZyiNwAJbNbGKPFXCWuBvf9Ss623VQ5DA success
    Program 9xQeWvG816bUx9EPjHmaT23yvVM2ZWbrrpZb9PusVFin consumed 17971 of 200000 compute units
    Program 9xQeWvG816bUx9EPjHmaT23yvVM2ZWbrrpZb9PusVFin success
Transaction executed in slot 33:
  Signature: 4UpAK5XnYFbAoFEUGZbxBhHkmfogCw35Dx2Nb8a3yV7bLdBvoyUdks5215FwFgLYgqroACwEdvLynVQaW8duyptP
  Status: Ok
  Log Messages:
    Program 11111111111111111111111111111111 invoke [1]
    Program 11111111111111111111111111111111 success
    Program 9xQeWvG816bUx9EPjHmaT23yvVM2ZWbrrpZb9PusVFin invoke [1]
    Program TokenkegQfeZyiNwAJbNbGKPFXCWuBvf9Ss623VQ5DA invoke [2]
    Program log: Instruction: Transfer
    Program TokenkegQfeZyiNwAJbNbGKPFXCWuBvf9Ss623VQ5DA consumed 3121 of 188624 compute units
    Program TokenkegQfeZyiNwAJbNbGKPFXCWuBvf9Ss623VQ5DA success
    Program 9xQeWvG816bUx9EPjHmaT23yvVM2ZWbrrpZb9PusVFin consumed 15636 of 200000 compute units
    Program 9xQeWvG816bUx9EPjHmaT23yvVM2ZWbrrpZb9PusVFin success
Transaction executed in slot 33:
  Signature: 45uQeMTYZ2tMGnWfUYYEqkRAn3WvNDMidcQvyAxTiAovgmqQwmNzUZrDNGG3rYthKLj9BKWP2gfGDi1dmYn6ZRoC
  Status: Ok
  Log Messages:
    Program 11111111111111111111111111111111 invoke [1]
    Program 11111111111111111111111111111111 success
    Program 9xQeWvG816bUx9EPjHmaT23yvVM2ZWbrrpZb9PusVFin invoke [1]
    Program TokenkegQfeZyiNwAJbNbGKPFXCWuBvf9Ss623VQ5DA invoke [2]
    Program log: Instruction: Transfer
    Program TokenkegQfeZyiNwAJbNbGKPFXCWuBvf9Ss623VQ5DA consumed 3121 of 186576 compute units
    Program TokenkegQfeZyiNwAJbNbGKPFXCWuBvf9Ss623VQ5DA success
    Program 9xQeWvG816bUx9EPjHmaT23yvVM2ZWbrrpZb9PusVFin consumed 17684 of 200000 compute units
    Program 9xQeWvG816bUx9EPjHmaT23yvVM2ZWbrrpZb9PusVFin success
Transaction executed in slot 41:
  Signature: 4KhZi8kYWJKDY69VUagX8iwzumn4SnnW7r9k5dyijzgrGeerMvBopoPjYiFxupB573zApDPzHmL9dqni68vzPESp
  Status: Ok
  Log Messages:
    Program 4XNgKWTqzddrR5AoKRusqceLCq9efr4T1iZpVkpndPTk invoke [1]
    Program log: reserve refreshed
    Program 4XNgKWTqzddrR5AoKRusqceLCq9efr4T1iZpVkpndPTk consumed 27372 of 200000 compute units
    Program 4XNgKWTqzddrR5AoKRusqceLCq9efr4T1iZpVkpndPTk success
    Program 4XNgKWTqzddrR5AoKRusqceLCq9efr4T1iZpVkpndPTk invoke [1]
    Program TokenkegQfeZyiNwAJbNbGKPFXCWuBvf9Ss623VQ5DA invoke [2]
    Program log: Instruction: MintTo
    Program TokenkegQfeZyiNwAJbNbGKPFXCWuBvf9Ss623VQ5DA consumed 2883 of 142124 compute units
    Program TokenkegQfeZyiNwAJbNbGKPFXCWuBvf9Ss623VQ5DA success
    Program log: reserve refreshed
    Program 4XNgKWTqzddrR5AoKRusqceLCq9efr4T1iZpVkpndPTk consumed 34112 of 172628 compute units
    Program 4XNgKWTqzddrR5AoKRusqceLCq9efr4T1iZpVkpndPTk success
    Program 4XNgKWTqzddrR5AoKRusqceLCq9efr4T1iZpVkpndPTk invoke [1]
    Program log: attempting liquidation
    Program log: ready to liquidate
    Program 9xQeWvG816bUx9EPjHmaT23yvVM2ZWbrrpZb9PusVFin invoke [2]
    Program TokenkegQfeZyiNwAJbNbGKPFXCWuBvf9Ss623VQ5DA invoke [3]
    Program log: Instruction: Transfer
    Program TokenkegQfeZyiNwAJbNbGKPFXCWuBvf9Ss623VQ5DA consumed 3121 of 76197 compute units
    Program TokenkegQfeZyiNwAJbNbGKPFXCWuBvf9Ss623VQ5DA success
    Program 9xQeWvG816bUx9EPjHmaT23yvVM2ZWbrrpZb9PusVFin consumed 15515 of 87452 compute units
    Program 9xQeWvG816bUx9EPjHmaT23yvVM2ZWbrrpZb9PusVFin success
    Program 9xQeWvG816bUx9EPjHmaT23yvVM2ZWbrrpZb9PusVFin invoke [2]
    Program TokenkegQfeZyiNwAJbNbGKPFXCWuBvf9Ss623VQ5DA invoke [3]
    Program log: Instruction: Transfer
    Program TokenkegQfeZyiNwAJbNbGKPFXCWuBvf9Ss623VQ5DA consumed 3121 of 55672 compute units
    Program TokenkegQfeZyiNwAJbNbGKPFXCWuBvf9Ss623VQ5DA success
    Program TokenkegQfeZyiNwAJbNbGKPFXCWuBvf9Ss623VQ5DA invoke [3]
    Program log: Instruction: Transfer
    Program TokenkegQfeZyiNwAJbNbGKPFXCWuBvf9Ss623VQ5DA consumed 3121 of 49851 compute units
    Program TokenkegQfeZyiNwAJbNbGKPFXCWuBvf9Ss623VQ5DA success
    Program 9xQeWvG816bUx9EPjHmaT23yvVM2ZWbrrpZb9PusVFin consumed 19630 of 65488 compute units
    Program 9xQeWvG816bUx9EPjHmaT23yvVM2ZWbrrpZb9PusVFin success
    Program log: collateral sold
    Program log: swap is ok
    Program TokenkegQfeZyiNwAJbNbGKPFXCWuBvf9Ss623VQ5DA invoke [2]
    Program log: Instruction: Burn
    Program TokenkegQfeZyiNwAJbNbGKPFXCWuBvf9Ss623VQ5DA consumed 2870 of 30842 compute units
    Program TokenkegQfeZyiNwAJbNbGKPFXCWuBvf9Ss623VQ5DA success
    Program TokenkegQfeZyiNwAJbNbGKPFXCWuBvf9Ss623VQ5DA invoke [2]
    Program log: Instruction: Burn
    Program TokenkegQfeZyiNwAJbNbGKPFXCWuBvf9Ss623VQ5DA consumed 2870 of 25057 compute units
    Program TokenkegQfeZyiNwAJbNbGKPFXCWuBvf9Ss623VQ5DA success
    Program log: liquidation complete!
    Program 4XNgKWTqzddrR5AoKRusqceLCq9efr4T1iZpVkpndPTk consumed 118429 of 138516 compute units
    Program 4XNgKWTqzddrR5AoKRusqceLCq9efr4T1iZpVkpndPTk success
Transaction executed in slot 43:
  Signature: 5tSkAhcaBwZ5mgNwZmVaunvaSAPqj2j4Nzp5huHDQ6D8KzKZFwFXc1n4sXmuE4AVc4bMWDRounvurKBYdc4qaXET
  Status: Ok
  Log Messages:
    Program 4XNgKWTqzddrR5AoKRusqceLCq9efr4T1iZpVkpndPTk invoke [1]
    Program TokenkegQfeZyiNwAJbNbGKPFXCWuBvf9Ss623VQ5DA invoke [2]
    Program log: Instruction: MintTo
    Program TokenkegQfeZyiNwAJbNbGKPFXCWuBvf9Ss623VQ5DA consumed 2883 of 169503 compute units
    Program TokenkegQfeZyiNwAJbNbGKPFXCWuBvf9Ss623VQ5DA success
    Program log: reserve refreshed
    Program 4XNgKWTqzddrR5AoKRusqceLCq9efr4T1iZpVkpndPTk consumed 34105 of 200000 compute units
    Program 4XNgKWTqzddrR5AoKRusqceLCq9efr4T1iZpVkpndPTk success
    Program 4XNgKWTqzddrR5AoKRusqceLCq9efr4T1iZpVkpndPTk invoke [1]
    Program TokenkegQfeZyiNwAJbNbGKPFXCWuBvf9Ss623VQ5DA invoke [2]
    Program log: Instruction: MintTo
    Program TokenkegQfeZyiNwAJbNbGKPFXCWuBvf9Ss623VQ5DA consumed 2883 of 135373 compute units
    Program TokenkegQfeZyiNwAJbNbGKPFXCWuBvf9Ss623VQ5DA success
    Program log: reserve refreshed
    Program 4XNgKWTqzddrR5AoKRusqceLCq9efr4T1iZpVkpndPTk consumed 34130 of 165895 compute units
    Program 4XNgKWTqzddrR5AoKRusqceLCq9efr4T1iZpVkpndPTk success
    Program 4XNgKWTqzddrR5AoKRusqceLCq9efr4T1iZpVkpndPTk invoke [1]
    Program log: attempting liquidation
    Program log: ready to liquidate
    Program 9xQeWvG816bUx9EPjHmaT23yvVM2ZWbrrpZb9PusVFin invoke [2]
    Program TokenkegQfeZyiNwAJbNbGKPFXCWuBvf9Ss623VQ5DA invoke [3]
    Program log: Instruction: Transfer
    Program TokenkegQfeZyiNwAJbNbGKPFXCWuBvf9Ss623VQ5DA consumed 3121 of 65571 compute units
    Program TokenkegQfeZyiNwAJbNbGKPFXCWuBvf9Ss623VQ5DA success
    Program 9xQeWvG816bUx9EPjHmaT23yvVM2ZWbrrpZb9PusVFin consumed 18550 of 79861 compute units
    Program 9xQeWvG816bUx9EPjHmaT23yvVM2ZWbrrpZb9PusVFin success
    Program 9xQeWvG816bUx9EPjHmaT23yvVM2ZWbrrpZb9PusVFin invoke [2]
    Program TokenkegQfeZyiNwAJbNbGKPFXCWuBvf9Ss623VQ5DA invoke [3]
    Program log: Instruction: Transfer
    Program TokenkegQfeZyiNwAJbNbGKPFXCWuBvf9Ss623VQ5DA consumed 3121 of 45046 compute units
    Program TokenkegQfeZyiNwAJbNbGKPFXCWuBvf9Ss623VQ5DA success
    Program TokenkegQfeZyiNwAJbNbGKPFXCWuBvf9Ss623VQ5DA invoke [3]
    Program log: Instruction: Transfer
    Program TokenkegQfeZyiNwAJbNbGKPFXCWuBvf9Ss623VQ5DA consumed 3121 of 39225 compute units
    Program TokenkegQfeZyiNwAJbNbGKPFXCWuBvf9Ss623VQ5DA success
    Program 9xQeWvG816bUx9EPjHmaT23yvVM2ZWbrrpZb9PusVFin consumed 19630 of 54862 compute units
    Program 9xQeWvG816bUx9EPjHmaT23yvVM2ZWbrrpZb9PusVFin success
    Program log: collateral sold
    Program log: swap is ok
    Program TokenkegQfeZyiNwAJbNbGKPFXCWuBvf9Ss623VQ5DA invoke [2]
    Program log: Instruction: Burn
    Program TokenkegQfeZyiNwAJbNbGKPFXCWuBvf9Ss623VQ5DA consumed 2870 of 20209 compute units
    Program TokenkegQfeZyiNwAJbNbGKPFXCWuBvf9Ss623VQ5DA success
    Program TokenkegQfeZyiNwAJbNbGKPFXCWuBvf9Ss623VQ5DA invoke [2]
    Program log: Instruction: Burn
    Program TokenkegQfeZyiNwAJbNbGKPFXCWuBvf9Ss623VQ5DA consumed 2870 of 14423 compute units
    Program TokenkegQfeZyiNwAJbNbGKPFXCWuBvf9Ss623VQ5DA success
    Program log: liquidation complete!
    Program 4XNgKWTqzddrR5AoKRusqceLCq9efr4T1iZpVkpndPTk consumed 122333 of 131765 compute units
    Program 4XNgKWTqzddrR5AoKRusqceLCq9efr4T1iZpVkpndPTk success
Transaction executed in slot 64:
  Signature: 2S7JP4vByuPAQCW7Gt8YLy3hQU14TTJX2JB46fz84YbvBmVQTeRNo7sVpi372VFStJD7p7mX7tttNgyEBnUMAEiX
  Status: Ok
  Log Messages:
    Program 11111111111111111111111111111111 invoke [1]
    Program 11111111111111111111111111111111 success
    Program 11111111111111111111111111111111 invoke [1]
    Program 11111111111111111111111111111111 success
    Program 11111111111111111111111111111111 invoke [1]
    Program 11111111111111111111111111111111 success
    Program 11111111111111111111111111111111 invoke [1]
    Program 11111111111111111111111111111111 success
    Program 11111111111111111111111111111111 invoke [1]
    Program 11111111111111111111111111111111 success
    Program 9xQeWvG816bUx9EPjHmaT23yvVM2ZWbrrpZb9PusVFin invoke [1]
    Program 9xQeWvG816bUx9EPjHmaT23yvVM2ZWbrrpZb9PusVFin consumed 13485 of 200000 compute units
    Program 9xQeWvG816bUx9EPjHmaT23yvVM2ZWbrrpZb9PusVFin success
Transaction executed in slot 65:
  Signature: 5kx7QrP4Gjy1WnCdru6wvqjkgGmdLFnqnPwAKzezdEmrRMb6ST7eBsX7whQyPYvGWfqPNmSyLUv6Kj8oj8Naevbe
  Status: Ok
  Log Messages:
    Program 11111111111111111111111111111111 invoke [1]
    Program 11111111111111111111111111111111 success
    Program 11111111111111111111111111111111 invoke [1]
    Program 11111111111111111111111111111111 success
    Program 11111111111111111111111111111111 invoke [1]
    Program 11111111111111111111111111111111 success
    Program 11111111111111111111111111111111 invoke [1]
    Program 11111111111111111111111111111111 success
    Program 11111111111111111111111111111111 invoke [1]
    Program 11111111111111111111111111111111 success
    Program 9xQeWvG816bUx9EPjHmaT23yvVM2ZWbrrpZb9PusVFin invoke [1]
    Program 9xQeWvG816bUx9EPjHmaT23yvVM2ZWbrrpZb9PusVFin consumed 13485 of 200000 compute units
    Program 9xQeWvG816bUx9EPjHmaT23yvVM2ZWbrrpZb9PusVFin success
Transaction executed in slot 65:
  Signature: 2cgR3WdPZax1TmmxUv7X3tK1vhuF6gRgvb2Md6DxrZhGmd1djhgkPfEhEkvEFUPM4tfTY3ifgxmfbeSPT1MZ3Hut
  Status: Ok
  Log Messages:
    Program 11111111111111111111111111111111 invoke [1]
    Program 11111111111111111111111111111111 success
    Program 11111111111111111111111111111111 invoke [1]
    Program 11111111111111111111111111111111 success
    Program 11111111111111111111111111111111 invoke [1]
    Program 11111111111111111111111111111111 success
    Program 11111111111111111111111111111111 invoke [1]
    Program 11111111111111111111111111111111 success
    Program 11111111111111111111111111111111 invoke [1]
    Program 11111111111111111111111111111111 success
    Program 9xQeWvG816bUx9EPjHmaT23yvVM2ZWbrrpZb9PusVFin invoke [1]
    Program 9xQeWvG816bUx9EPjHmaT23yvVM2ZWbrrpZb9PusVFin consumed 13485 of 200000 compute units
    Program 9xQeWvG816bUx9EPjHmaT23yvVM2ZWbrrpZb9PusVFin success
Transaction executed in slot 66:
  Signature: 4BMAGyLXu3GpVCvFxstoJfXgCqhbiSXSqcWW2uYjZ3Xo93YQd9e8idSP3vTRYVLNcbRLu8aWP4Q3id7NN7idDV74
  Status: Ok
  Log Messages:
    Program 11111111111111111111111111111111 invoke [1]
    Program 11111111111111111111111111111111 success
    Program 11111111111111111111111111111111 invoke [1]
    Program 11111111111111111111111111111111 success
    Program 11111111111111111111111111111111 invoke [1]
    Program 11111111111111111111111111111111 success
    Program 11111111111111111111111111111111 invoke [1]
    Program 11111111111111111111111111111111 success
    Program 11111111111111111111111111111111 invoke [1]
    Program 11111111111111111111111111111111 success
    Program 9xQeWvG816bUx9EPjHmaT23yvVM2ZWbrrpZb9PusVFin invoke [1]
    Program 9xQeWvG816bUx9EPjHmaT23yvVM2ZWbrrpZb9PusVFin consumed 13485 of 200000 compute units
    Program 9xQeWvG816bUx9EPjHmaT23yvVM2ZWbrrpZb9PusVFin success
Transaction executed in slot 67:
  Signature: 3tTvtuff5B99BDvChanvAhh8MQEV9X5WweByCdBpu3oreECHCLBuQR2ty55TBBewerGHgPR6GY4x2Vbu4wVbJN8z
  Status: Ok
  Log Messages:
    Program 11111111111111111111111111111111 invoke [1]
    Program 11111111111111111111111111111111 success
    Program 11111111111111111111111111111111 invoke [1]
    Program 11111111111111111111111111111111 success
    Program 11111111111111111111111111111111 invoke [1]
    Program 11111111111111111111111111111111 success
    Program 11111111111111111111111111111111 invoke [1]
    Program 11111111111111111111111111111111 success
    Program 11111111111111111111111111111111 invoke [1]
    Program 11111111111111111111111111111111 success
    Program 9xQeWvG816bUx9EPjHmaT23yvVM2ZWbrrpZb9PusVFin invoke [1]
    Program 9xQeWvG816bUx9EPjHmaT23yvVM2ZWbrrpZb9PusVFin consumed 13485 of 200000 compute units
    Program 9xQeWvG816bUx9EPjHmaT23yvVM2ZWbrrpZb9PusVFin success
Transaction executed in slot 67:
  Signature: 2z9BUwkrgfwdik1LskcjxziK9Fu97fq86hPGMRCxxTejv6ApfHdunPxFB8dWzv8mvUiMBXdjMLBgWJmV93Qv1z8y
  Status: Ok
  Log Messages:
    Program 11111111111111111111111111111111 invoke [1]
    Program 11111111111111111111111111111111 success
    Program 11111111111111111111111111111111 invoke [1]
    Program 11111111111111111111111111111111 success
    Program 11111111111111111111111111111111 invoke [1]
    Program 11111111111111111111111111111111 success
    Program 11111111111111111111111111111111 invoke [1]
    Program 11111111111111111111111111111111 success
    Program 11111111111111111111111111111111 invoke [1]
    Program 11111111111111111111111111111111 success
    Program 9xQeWvG816bUx9EPjHmaT23yvVM2ZWbrrpZb9PusVFin invoke [1]
    Program 9xQeWvG816bUx9EPjHmaT23yvVM2ZWbrrpZb9PusVFin consumed 13485 of 200000 compute units
    Program 9xQeWvG816bUx9EPjHmaT23yvVM2ZWbrrpZb9PusVFin success
Transaction executed in slot 68:
  Signature: 34FNucwk6fBp1ukREccpbP3UPrDwZWnrzDwkYpQ2mntRYKbTLU96BgrvYcqxtFBuLXLrsHxbnk8eLkvGxsdkER7J
  Status: Ok
  Log Messages:
    Program 11111111111111111111111111111111 invoke [1]
    Program 11111111111111111111111111111111 success
    Program 11111111111111111111111111111111 invoke [1]
    Program 11111111111111111111111111111111 success
    Program 11111111111111111111111111111111 invoke [1]
    Program 11111111111111111111111111111111 success
    Program 11111111111111111111111111111111 invoke [1]
    Program 11111111111111111111111111111111 success
    Program 11111111111111111111111111111111 invoke [1]
    Program 11111111111111111111111111111111 success
    Program 9xQeWvG816bUx9EPjHmaT23yvVM2ZWbrrpZb9PusVFin invoke [1]
    Program 9xQeWvG816bUx9EPjHmaT23yvVM2ZWbrrpZb9PusVFin consumed 13485 of 200000 compute units
    Program 9xQeWvG816bUx9EPjHmaT23yvVM2ZWbrrpZb9PusVFin success
Transaction executed in slot 69:
  Signature: 3asNuDnXx7yTcUprFvdBdoRezggC1E4spvyN7UA3No8KdjisaXGhkq7sW1NnTQxpx7CxLQBP8FJ4yEvYaZFEFdy5
  Status: Ok
  Log Messages:
    Program 11111111111111111111111111111111 invoke [1]
    Program 11111111111111111111111111111111 success
    Program 11111111111111111111111111111111 invoke [1]
    Program 11111111111111111111111111111111 success
    Program 11111111111111111111111111111111 invoke [1]
    Program 11111111111111111111111111111111 success
    Program 11111111111111111111111111111111 invoke [1]
    Program 11111111111111111111111111111111 success
    Program 11111111111111111111111111111111 invoke [1]
    Program 11111111111111111111111111111111 success
    Program 9xQeWvG816bUx9EPjHmaT23yvVM2ZWbrrpZb9PusVFin invoke [1]
    Program 9xQeWvG816bUx9EPjHmaT23yvVM2ZWbrrpZb9PusVFin consumed 13485 of 200000 compute units
    Program 9xQeWvG816bUx9EPjHmaT23yvVM2ZWbrrpZb9PusVFin success
Transaction executed in slot 69:
  Signature: 5abY1bA9HfrU75ajU31APzxQCMd17wBbJiv3ZnkjJgKiZB37b1mnde6xkqs3oYBeC2h9JAG65pUae2yaVue9LwuA
  Status: Ok
  Log Messages:
    Program 11111111111111111111111111111111 invoke [1]
    Program 11111111111111111111111111111111 success
    Program 11111111111111111111111111111111 invoke [1]
    Program 11111111111111111111111111111111 success
    Program 11111111111111111111111111111111 invoke [1]
    Program 11111111111111111111111111111111 success
    Program 11111111111111111111111111111111 invoke [1]
    Program 11111111111111111111111111111111 success
    Program 11111111111111111111111111111111 invoke [1]
    Program 11111111111111111111111111111111 success
    Program 9xQeWvG816bUx9EPjHmaT23yvVM2ZWbrrpZb9PusVFin invoke [1]
    Program 9xQeWvG816bUx9EPjHmaT23yvVM2ZWbrrpZb9PusVFin consumed 13485 of 200000 compute units
    Program 9xQeWvG816bUx9EPjHmaT23yvVM2ZWbrrpZb9PusVFin success
Transaction executed in slot 70:
  Signature: 3RQ4eRDcjjJSh13pDQQuq3UnmMdrxJgWtzmdFeAxJKVo6jGt6PnwjBhVk94ourdSJu7PmH3kYR8FRQqGTNgdZMiE
  Status: Ok
  Log Messages:
    Program 11111111111111111111111111111111 invoke [1]
    Program 11111111111111111111111111111111 success
    Program 11111111111111111111111111111111 invoke [1]
    Program 11111111111111111111111111111111 success
    Program 11111111111111111111111111111111 invoke [1]
    Program 11111111111111111111111111111111 success
    Program 11111111111111111111111111111111 invoke [1]
    Program 11111111111111111111111111111111 success
    Program 11111111111111111111111111111111 invoke [1]
    Program 11111111111111111111111111111111 success
    Program 9xQeWvG816bUx9EPjHmaT23yvVM2ZWbrrpZb9PusVFin invoke [1]
    Program 9xQeWvG816bUx9EPjHmaT23yvVM2ZWbrrpZb9PusVFin consumed 13485 of 200000 compute units
    Program 9xQeWvG816bUx9EPjHmaT23yvVM2ZWbrrpZb9PusVFin success
Transaction executed in slot 86:
  Signature: 3p2NHYTYwPjUfbnevCEhkZCckANyMrPbbsmae3XhsdXbKi4iYtiCtn1XjFQKZ2LzbT9o65RiccYLM4pYDWAETnNz
  Status: Ok
  Log Messages:
    Program 11111111111111111111111111111111 invoke [1]
    Program 11111111111111111111111111111111 success
    Program 4XNgKWTqzddrR5AoKRusqceLCq9efr4T1iZpVkpndPTk invoke [1]
    Program 11111111111111111111111111111111 invoke [2]
    Program 11111111111111111111111111111111 success
    Program TokenkegQfeZyiNwAJbNbGKPFXCWuBvf9Ss623VQ5DA invoke [2]
    Program log: Instruction: InitializeAccount
    Program TokenkegQfeZyiNwAJbNbGKPFXCWuBvf9Ss623VQ5DA consumed 3449 of 189260 compute units
    Program TokenkegQfeZyiNwAJbNbGKPFXCWuBvf9Ss623VQ5DA success
    Program 11111111111111111111111111111111 invoke [2]
    Program 11111111111111111111111111111111 success
    Program 11111111111111111111111111111111 invoke [2]
    Program 11111111111111111111111111111111 success
    Program TokenkegQfeZyiNwAJbNbGKPFXCWuBvf9Ss623VQ5DA invoke [2]
    Program log: Instruction: InitializeAccount
    Program TokenkegQfeZyiNwAJbNbGKPFXCWuBvf9Ss623VQ5DA consumed 3449 of 172313 compute units
    Program TokenkegQfeZyiNwAJbNbGKPFXCWuBvf9Ss623VQ5DA success
    Program 11111111111111111111111111111111 invoke [2]
    Program 11111111111111111111111111111111 success
    Program 11111111111111111111111111111111 invoke [2]
    Program 11111111111111111111111111111111 success
    Program 11111111111111111111111111111111 invoke [2]
    Program 11111111111111111111111111111111 success
    Program 9xQeWvG816bUx9EPjHmaT23yvVM2ZWbrrpZb9PusVFin invoke [2]
    Program 9xQeWvG816bUx9EPjHmaT23yvVM2ZWbrrpZb9PusVFin consumed 3371 of 144493 compute units
    Program 9xQeWvG816bUx9EPjHmaT23yvVM2ZWbrrpZb9PusVFin success
    Program log: registered reserve #4
    Program TokenkegQfeZyiNwAJbNbGKPFXCWuBvf9Ss623VQ5DA invoke [2]
    Program log: Instruction: InitializeMint
    Program TokenkegQfeZyiNwAJbNbGKPFXCWuBvf9Ss623VQ5DA consumed 2391 of 137900 compute units
    Program TokenkegQfeZyiNwAJbNbGKPFXCWuBvf9Ss623VQ5DA success
    Program TokenkegQfeZyiNwAJbNbGKPFXCWuBvf9Ss623VQ5DA invoke [2]
    Program log: Instruction: InitializeMint
    Program TokenkegQfeZyiNwAJbNbGKPFXCWuBvf9Ss623VQ5DA consumed 2391 of 133413 compute units
    Program TokenkegQfeZyiNwAJbNbGKPFXCWuBvf9Ss623VQ5DA success
    Program TokenkegQfeZyiNwAJbNbGKPFXCWuBvf9Ss623VQ5DA invoke [2]
    Program log: Instruction: InitializeAccount
    Program TokenkegQfeZyiNwAJbNbGKPFXCWuBvf9Ss623VQ5DA consumed 3449 of 128416 compute units
    Program TokenkegQfeZyiNwAJbNbGKPFXCWuBvf9Ss623VQ5DA success
    Program 4XNgKWTqzddrR5AoKRusqceLCq9efr4T1iZpVkpndPTk consumed 76313 of 200000 compute units
    Program 4XNgKWTqzddrR5AoKRusqceLCq9efr4T1iZpVkpndPTk success
Transaction executed in slot 87:
  Signature: 2XREZkN2DGZk4qKn59TMr9SKwXE4q1MZeiBdnhiv2wh9xcVY3vMsgs5p4XhGsc3mkFv6njgRkFuSFpXu7sEYngqG
  Status: Ok
  Log Messages:
    Program 11111111111111111111111111111111 invoke [1]
    Program 11111111111111111111111111111111 success
    Program 4XNgKWTqzddrR5AoKRusqceLCq9efr4T1iZpVkpndPTk invoke [1]
    Program 11111111111111111111111111111111 invoke [2]
    Program 11111111111111111111111111111111 success
    Program TokenkegQfeZyiNwAJbNbGKPFXCWuBvf9Ss623VQ5DA invoke [2]
    Program log: Instruction: InitializeAccount
    Program TokenkegQfeZyiNwAJbNbGKPFXCWuBvf9Ss623VQ5DA consumed 3449 of 189260 compute units
    Program TokenkegQfeZyiNwAJbNbGKPFXCWuBvf9Ss623VQ5DA success
    Program 11111111111111111111111111111111 invoke [2]
    Program 11111111111111111111111111111111 success
    Program 11111111111111111111111111111111 invoke [2]
    Program 11111111111111111111111111111111 success
    Program TokenkegQfeZyiNwAJbNbGKPFXCWuBvf9Ss623VQ5DA invoke [2]
    Program log: Instruction: InitializeAccount
    Program TokenkegQfeZyiNwAJbNbGKPFXCWuBvf9Ss623VQ5DA consumed 3449 of 170813 compute units
    Program TokenkegQfeZyiNwAJbNbGKPFXCWuBvf9Ss623VQ5DA success
    Program 11111111111111111111111111111111 invoke [2]
    Program 11111111111111111111111111111111 success
    Program 11111111111111111111111111111111 invoke [2]
    Program 11111111111111111111111111111111 success
    Program 11111111111111111111111111111111 invoke [2]
    Program 11111111111111111111111111111111 success
    Program 9xQeWvG816bUx9EPjHmaT23yvVM2ZWbrrpZb9PusVFin invoke [2]
    Program 9xQeWvG816bUx9EPjHmaT23yvVM2ZWbrrpZb9PusVFin consumed 3371 of 141493 compute units
    Program 9xQeWvG816bUx9EPjHmaT23yvVM2ZWbrrpZb9PusVFin success
    Program log: registered reserve #5
    Program TokenkegQfeZyiNwAJbNbGKPFXCWuBvf9Ss623VQ5DA invoke [2]
    Program log: Instruction: InitializeMint
    Program TokenkegQfeZyiNwAJbNbGKPFXCWuBvf9Ss623VQ5DA consumed 2391 of 134853 compute units
    Program TokenkegQfeZyiNwAJbNbGKPFXCWuBvf9Ss623VQ5DA success
    Program TokenkegQfeZyiNwAJbNbGKPFXCWuBvf9Ss623VQ5DA invoke [2]
    Program log: Instruction: InitializeMint
    Program TokenkegQfeZyiNwAJbNbGKPFXCWuBvf9Ss623VQ5DA consumed 2391 of 130366 compute units
    Program TokenkegQfeZyiNwAJbNbGKPFXCWuBvf9Ss623VQ5DA success
    Program TokenkegQfeZyiNwAJbNbGKPFXCWuBvf9Ss623VQ5DA invoke [2]
    Program log: Instruction: InitializeAccount
    Program TokenkegQfeZyiNwAJbNbGKPFXCWuBvf9Ss623VQ5DA consumed 3449 of 125369 compute units
    Program TokenkegQfeZyiNwAJbNbGKPFXCWuBvf9Ss623VQ5DA success
    Program 4XNgKWTqzddrR5AoKRusqceLCq9efr4T1iZpVkpndPTk consumed 79360 of 200000 compute units
    Program 4XNgKWTqzddrR5AoKRusqceLCq9efr4T1iZpVkpndPTk success
Transaction executed in slot 87:
  Signature: 2jYXNvveaa17YdmkgahHUHX9GW7HpHx8knCxk3CWi4zyFVjE4rLtqaybYrB85YeqPUF7NZPWC8q82M3YhnfuxjKw
  Status: Ok
  Log Messages:
    Program 11111111111111111111111111111111 invoke [1]
    Program 11111111111111111111111111111111 success
    Program 4XNgKWTqzddrR5AoKRusqceLCq9efr4T1iZpVkpndPTk invoke [1]
    Program 11111111111111111111111111111111 invoke [2]
    Program 11111111111111111111111111111111 success
    Program TokenkegQfeZyiNwAJbNbGKPFXCWuBvf9Ss623VQ5DA invoke [2]
    Program log: Instruction: InitializeAccount
    Program TokenkegQfeZyiNwAJbNbGKPFXCWuBvf9Ss623VQ5DA consumed 3449 of 189260 compute units
    Program TokenkegQfeZyiNwAJbNbGKPFXCWuBvf9Ss623VQ5DA success
    Program 11111111111111111111111111111111 invoke [2]
    Program 11111111111111111111111111111111 success
    Program 11111111111111111111111111111111 invoke [2]
    Program 11111111111111111111111111111111 success
    Program TokenkegQfeZyiNwAJbNbGKPFXCWuBvf9Ss623VQ5DA invoke [2]
    Program log: Instruction: InitializeAccount
    Program TokenkegQfeZyiNwAJbNbGKPFXCWuBvf9Ss623VQ5DA consumed 3449 of 170813 compute units
    Program TokenkegQfeZyiNwAJbNbGKPFXCWuBvf9Ss623VQ5DA success
    Program 11111111111111111111111111111111 invoke [2]
    Program 11111111111111111111111111111111 success
    Program 11111111111111111111111111111111 invoke [2]
    Program 11111111111111111111111111111111 success
    Program 11111111111111111111111111111111 invoke [2]
    Program 11111111111111111111111111111111 success
    Program 9xQeWvG816bUx9EPjHmaT23yvVM2ZWbrrpZb9PusVFin invoke [2]
    Program 9xQeWvG816bUx9EPjHmaT23yvVM2ZWbrrpZb9PusVFin consumed 3371 of 139993 compute units
    Program 9xQeWvG816bUx9EPjHmaT23yvVM2ZWbrrpZb9PusVFin success
    Program log: registered reserve #6
    Program TokenkegQfeZyiNwAJbNbGKPFXCWuBvf9Ss623VQ5DA invoke [2]
    Program log: Instruction: InitializeMint
    Program TokenkegQfeZyiNwAJbNbGKPFXCWuBvf9Ss623VQ5DA consumed 2391 of 133305 compute units
    Program TokenkegQfeZyiNwAJbNbGKPFXCWuBvf9Ss623VQ5DA success
    Program TokenkegQfeZyiNwAJbNbGKPFXCWuBvf9Ss623VQ5DA invoke [2]
    Program log: Instruction: InitializeMint
    Program TokenkegQfeZyiNwAJbNbGKPFXCWuBvf9Ss623VQ5DA consumed 2391 of 128818 compute units
    Program TokenkegQfeZyiNwAJbNbGKPFXCWuBvf9Ss623VQ5DA success
    Program TokenkegQfeZyiNwAJbNbGKPFXCWuBvf9Ss623VQ5DA invoke [2]
    Program log: Instruction: InitializeAccount
    Program TokenkegQfeZyiNwAJbNbGKPFXCWuBvf9Ss623VQ5DA consumed 3449 of 123821 compute units
    Program TokenkegQfeZyiNwAJbNbGKPFXCWuBvf9Ss623VQ5DA success
    Program 4XNgKWTqzddrR5AoKRusqceLCq9efr4T1iZpVkpndPTk consumed 80908 of 200000 compute units
    Program 4XNgKWTqzddrR5AoKRusqceLCq9efr4T1iZpVkpndPTk success
Transaction executed in slot 88:
  Signature: 5s1xTjeSw558aAmEkRJCsMhCnquF35bb1PgxDXcKXvjSKZV7qbt79PqbFWFvUsagEUp64JJcbd6o7TT8NfpUd49a
  Status: Ok
  Log Messages:
    Program 11111111111111111111111111111111 invoke [1]
    Program 11111111111111111111111111111111 success
    Program 4XNgKWTqzddrR5AoKRusqceLCq9efr4T1iZpVkpndPTk invoke [1]
    Program 11111111111111111111111111111111 invoke [2]
    Program 11111111111111111111111111111111 success
    Program TokenkegQfeZyiNwAJbNbGKPFXCWuBvf9Ss623VQ5DA invoke [2]
    Program log: Instruction: InitializeAccount
    Program TokenkegQfeZyiNwAJbNbGKPFXCWuBvf9Ss623VQ5DA consumed 3449 of 189260 compute units
    Program TokenkegQfeZyiNwAJbNbGKPFXCWuBvf9Ss623VQ5DA success
    Program 11111111111111111111111111111111 invoke [2]
    Program 11111111111111111111111111111111 success
    Program 11111111111111111111111111111111 invoke [2]
    Program 11111111111111111111111111111111 success
    Program TokenkegQfeZyiNwAJbNbGKPFXCWuBvf9Ss623VQ5DA invoke [2]
    Program log: Instruction: InitializeAccount
    Program TokenkegQfeZyiNwAJbNbGKPFXCWuBvf9Ss623VQ5DA consumed 3449 of 170813 compute units
    Program TokenkegQfeZyiNwAJbNbGKPFXCWuBvf9Ss623VQ5DA success
    Program 11111111111111111111111111111111 invoke [2]
    Program 11111111111111111111111111111111 success
    Program 11111111111111111111111111111111 invoke [2]
    Program 11111111111111111111111111111111 success
    Program 11111111111111111111111111111111 invoke [2]
    Program 11111111111111111111111111111111 success
    Program 9xQeWvG816bUx9EPjHmaT23yvVM2ZWbrrpZb9PusVFin invoke [2]
    Program 9xQeWvG816bUx9EPjHmaT23yvVM2ZWbrrpZb9PusVFin consumed 3371 of 139993 compute units
    Program 9xQeWvG816bUx9EPjHmaT23yvVM2ZWbrrpZb9PusVFin success
    Program log: registered reserve #7
    Program TokenkegQfeZyiNwAJbNbGKPFXCWuBvf9Ss623VQ5DA invoke [2]
    Program log: Instruction: InitializeMint
    Program TokenkegQfeZyiNwAJbNbGKPFXCWuBvf9Ss623VQ5DA consumed 2391 of 133258 compute units
    Program TokenkegQfeZyiNwAJbNbGKPFXCWuBvf9Ss623VQ5DA success
    Program TokenkegQfeZyiNwAJbNbGKPFXCWuBvf9Ss623VQ5DA invoke [2]
    Program log: Instruction: InitializeMint
    Program TokenkegQfeZyiNwAJbNbGKPFXCWuBvf9Ss623VQ5DA consumed 2391 of 128771 compute units
    Program TokenkegQfeZyiNwAJbNbGKPFXCWuBvf9Ss623VQ5DA success
    Program TokenkegQfeZyiNwAJbNbGKPFXCWuBvf9Ss623VQ5DA invoke [2]
    Program log: Instruction: InitializeAccount
    Program TokenkegQfeZyiNwAJbNbGKPFXCWuBvf9Ss623VQ5DA consumed 3449 of 123774 compute units
    Program TokenkegQfeZyiNwAJbNbGKPFXCWuBvf9Ss623VQ5DA success
    Program 4XNgKWTqzddrR5AoKRusqceLCq9efr4T1iZpVkpndPTk consumed 80955 of 200000 compute units
    Program 4XNgKWTqzddrR5AoKRusqceLCq9efr4T1iZpVkpndPTk success
Transaction executed in slot 88:
  Signature: 44oa5MXHg8VN9zcnmMZ3ZGMyDtjYMXPry2qcqEh17GTNvbeooDiv51pTySki1FDH7bE1VecCdR3AD4MF8CLxBPyg
  Status: Ok
  Log Messages:
    Program 11111111111111111111111111111111 invoke [1]
    Program 11111111111111111111111111111111 success
    Program 4XNgKWTqzddrR5AoKRusqceLCq9efr4T1iZpVkpndPTk invoke [1]
    Program 11111111111111111111111111111111 invoke [2]
    Program 11111111111111111111111111111111 success
    Program TokenkegQfeZyiNwAJbNbGKPFXCWuBvf9Ss623VQ5DA invoke [2]
    Program log: Instruction: InitializeAccount
    Program TokenkegQfeZyiNwAJbNbGKPFXCWuBvf9Ss623VQ5DA consumed 3449 of 189260 compute units
    Program TokenkegQfeZyiNwAJbNbGKPFXCWuBvf9Ss623VQ5DA success
    Program 11111111111111111111111111111111 invoke [2]
    Program 11111111111111111111111111111111 success
    Program 11111111111111111111111111111111 invoke [2]
    Program 11111111111111111111111111111111 success
    Program TokenkegQfeZyiNwAJbNbGKPFXCWuBvf9Ss623VQ5DA invoke [2]
    Program log: Instruction: InitializeAccount
    Program TokenkegQfeZyiNwAJbNbGKPFXCWuBvf9Ss623VQ5DA consumed 3449 of 167813 compute units
    Program TokenkegQfeZyiNwAJbNbGKPFXCWuBvf9Ss623VQ5DA success
    Program 11111111111111111111111111111111 invoke [2]
    Program 11111111111111111111111111111111 success
    Program 11111111111111111111111111111111 invoke [2]
    Program 11111111111111111111111111111111 success
    Program 11111111111111111111111111111111 invoke [2]
    Program 11111111111111111111111111111111 success
    Program 9xQeWvG816bUx9EPjHmaT23yvVM2ZWbrrpZb9PusVFin invoke [2]
    Program 9xQeWvG816bUx9EPjHmaT23yvVM2ZWbrrpZb9PusVFin consumed 3371 of 132493 compute units
    Program 9xQeWvG816bUx9EPjHmaT23yvVM2ZWbrrpZb9PusVFin success
    Program log: registered reserve #8
    Program TokenkegQfeZyiNwAJbNbGKPFXCWuBvf9Ss623VQ5DA invoke [2]
    Program log: Instruction: InitializeMint
    Program TokenkegQfeZyiNwAJbNbGKPFXCWuBvf9Ss623VQ5DA consumed 2391 of 125710 compute units
    Program TokenkegQfeZyiNwAJbNbGKPFXCWuBvf9Ss623VQ5DA success
    Program TokenkegQfeZyiNwAJbNbGKPFXCWuBvf9Ss623VQ5DA invoke [2]
    Program log: Instruction: InitializeMint
    Program TokenkegQfeZyiNwAJbNbGKPFXCWuBvf9Ss623VQ5DA consumed 2391 of 121223 compute units
    Program TokenkegQfeZyiNwAJbNbGKPFXCWuBvf9Ss623VQ5DA success
    Program TokenkegQfeZyiNwAJbNbGKPFXCWuBvf9Ss623VQ5DA invoke [2]
    Program log: Instruction: InitializeAccount
    Program TokenkegQfeZyiNwAJbNbGKPFXCWuBvf9Ss623VQ5DA consumed 3449 of 116226 compute units
    Program TokenkegQfeZyiNwAJbNbGKPFXCWuBvf9Ss623VQ5DA success
    Program 4XNgKWTqzddrR5AoKRusqceLCq9efr4T1iZpVkpndPTk consumed 88503 of 200000 compute units
    Program 4XNgKWTqzddrR5AoKRusqceLCq9efr4T1iZpVkpndPTk success
Transaction executed in slot 88:
  Signature: 3VwAAeFcJQwerSxTCK9DFfFF5EjzNVxye8cCPpRZq7mq7ttwpqJk1Yq9F9ebRYZFyxRXXsKVeszZ4ittRjRRzpVm
  Status: Ok
  Log Messages:
    Program 11111111111111111111111111111111 invoke [1]
    Program 11111111111111111111111111111111 success
    Program 4XNgKWTqzddrR5AoKRusqceLCq9efr4T1iZpVkpndPTk invoke [1]
    Program 11111111111111111111111111111111 invoke [2]
    Program 11111111111111111111111111111111 success
    Program TokenkegQfeZyiNwAJbNbGKPFXCWuBvf9Ss623VQ5DA invoke [2]
    Program log: Instruction: InitializeAccount
    Program TokenkegQfeZyiNwAJbNbGKPFXCWuBvf9Ss623VQ5DA consumed 3449 of 189260 compute units
    Program TokenkegQfeZyiNwAJbNbGKPFXCWuBvf9Ss623VQ5DA success
    Program 11111111111111111111111111111111 invoke [2]
    Program 11111111111111111111111111111111 success
    Program 11111111111111111111111111111111 invoke [2]
    Program 11111111111111111111111111111111 success
    Program TokenkegQfeZyiNwAJbNbGKPFXCWuBvf9Ss623VQ5DA invoke [2]
    Program log: Instruction: InitializeAccount
    Program TokenkegQfeZyiNwAJbNbGKPFXCWuBvf9Ss623VQ5DA consumed 3449 of 172313 compute units
    Program TokenkegQfeZyiNwAJbNbGKPFXCWuBvf9Ss623VQ5DA success
    Program 11111111111111111111111111111111 invoke [2]
    Program 11111111111111111111111111111111 success
    Program 11111111111111111111111111111111 invoke [2]
    Program 11111111111111111111111111111111 success
    Program 11111111111111111111111111111111 invoke [2]
    Program 11111111111111111111111111111111 success
    Program 9xQeWvG816bUx9EPjHmaT23yvVM2ZWbrrpZb9PusVFin invoke [2]
    Program 9xQeWvG816bUx9EPjHmaT23yvVM2ZWbrrpZb9PusVFin consumed 3371 of 138493 compute units
    Program 9xQeWvG816bUx9EPjHmaT23yvVM2ZWbrrpZb9PusVFin success
    Program log: registered reserve #9
    Program TokenkegQfeZyiNwAJbNbGKPFXCWuBvf9Ss623VQ5DA invoke [2]
    Program log: Instruction: InitializeMint
    Program TokenkegQfeZyiNwAJbNbGKPFXCWuBvf9Ss623VQ5DA consumed 2391 of 131663 compute units
    Program TokenkegQfeZyiNwAJbNbGKPFXCWuBvf9Ss623VQ5DA success
    Program TokenkegQfeZyiNwAJbNbGKPFXCWuBvf9Ss623VQ5DA invoke [2]
    Program log: Instruction: InitializeMint
    Program TokenkegQfeZyiNwAJbNbGKPFXCWuBvf9Ss623VQ5DA consumed 2391 of 127176 compute units
    Program TokenkegQfeZyiNwAJbNbGKPFXCWuBvf9Ss623VQ5DA success
    Program TokenkegQfeZyiNwAJbNbGKPFXCWuBvf9Ss623VQ5DA invoke [2]
    Program log: Instruction: InitializeAccount
    Program TokenkegQfeZyiNwAJbNbGKPFXCWuBvf9Ss623VQ5DA consumed 3449 of 122179 compute units
    Program TokenkegQfeZyiNwAJbNbGKPFXCWuBvf9Ss623VQ5DA success
    Program 4XNgKWTqzddrR5AoKRusqceLCq9efr4T1iZpVkpndPTk consumed 82550 of 200000 compute units
    Program 4XNgKWTqzddrR5AoKRusqceLCq9efr4T1iZpVkpndPTk success
Transaction executed in slot 89:
  Signature: k1X5TMysmRvYeMVfETSRRJ4RpeQxD4YhrTmixevH2DBuCFzaVfU2u9iKqrr9WS7pW5c3jkTxCYWEGVcR3bgmnjR
  Status: Ok
  Log Messages:
    Program 11111111111111111111111111111111 invoke [1]
    Program 11111111111111111111111111111111 success
    Program 4XNgKWTqzddrR5AoKRusqceLCq9efr4T1iZpVkpndPTk invoke [1]
    Program 11111111111111111111111111111111 invoke [2]
    Program 11111111111111111111111111111111 success
    Program TokenkegQfeZyiNwAJbNbGKPFXCWuBvf9Ss623VQ5DA invoke [2]
    Program log: Instruction: InitializeAccount
    Program TokenkegQfeZyiNwAJbNbGKPFXCWuBvf9Ss623VQ5DA consumed 3449 of 189260 compute units
    Program TokenkegQfeZyiNwAJbNbGKPFXCWuBvf9Ss623VQ5DA success
    Program 11111111111111111111111111111111 invoke [2]
    Program 11111111111111111111111111111111 success
    Program 11111111111111111111111111111111 invoke [2]
    Program 11111111111111111111111111111111 success
    Program TokenkegQfeZyiNwAJbNbGKPFXCWuBvf9Ss623VQ5DA invoke [2]
    Program log: Instruction: InitializeAccount
    Program TokenkegQfeZyiNwAJbNbGKPFXCWuBvf9Ss623VQ5DA consumed 3449 of 166313 compute units
    Program TokenkegQfeZyiNwAJbNbGKPFXCWuBvf9Ss623VQ5DA success
    Program 11111111111111111111111111111111 invoke [2]
    Program 11111111111111111111111111111111 success
    Program 11111111111111111111111111111111 invoke [2]
    Program 11111111111111111111111111111111 success
    Program 11111111111111111111111111111111 invoke [2]
    Program 11111111111111111111111111111111 success
    Program 9xQeWvG816bUx9EPjHmaT23yvVM2ZWbrrpZb9PusVFin invoke [2]
    Program 9xQeWvG816bUx9EPjHmaT23yvVM2ZWbrrpZb9PusVFin consumed 3371 of 136993 compute units
    Program 9xQeWvG816bUx9EPjHmaT23yvVM2ZWbrrpZb9PusVFin success
    Program log: registered reserve #10
    Program TokenkegQfeZyiNwAJbNbGKPFXCWuBvf9Ss623VQ5DA invoke [2]
    Program log: Instruction: InitializeMint
    Program TokenkegQfeZyiNwAJbNbGKPFXCWuBvf9Ss623VQ5DA consumed 2391 of 130103 compute units
    Program TokenkegQfeZyiNwAJbNbGKPFXCWuBvf9Ss623VQ5DA success
    Program TokenkegQfeZyiNwAJbNbGKPFXCWuBvf9Ss623VQ5DA invoke [2]
    Program log: Instruction: InitializeMint
    Program TokenkegQfeZyiNwAJbNbGKPFXCWuBvf9Ss623VQ5DA consumed 2391 of 125616 compute units
    Program TokenkegQfeZyiNwAJbNbGKPFXCWuBvf9Ss623VQ5DA success
    Program TokenkegQfeZyiNwAJbNbGKPFXCWuBvf9Ss623VQ5DA invoke [2]
    Program log: Instruction: InitializeAccount
    Program TokenkegQfeZyiNwAJbNbGKPFXCWuBvf9Ss623VQ5DA consumed 3449 of 120619 compute units
    Program TokenkegQfeZyiNwAJbNbGKPFXCWuBvf9Ss623VQ5DA success
    Program 4XNgKWTqzddrR5AoKRusqceLCq9efr4T1iZpVkpndPTk consumed 84110 of 200000 compute units
    Program 4XNgKWTqzddrR5AoKRusqceLCq9efr4T1iZpVkpndPTk success
Transaction executed in slot 89:
  Signature: 4G864TdHpH4fBBMiXRvktso2gxF2SydFZyPFYM5kzjEVkCUY9Hz9CP3HCtZWdNhrLXM2RbLxoK9YHT8z6vxbFZ5k
  Status: Ok
  Log Messages:
    Program 11111111111111111111111111111111 invoke [1]
    Program 11111111111111111111111111111111 success
    Program 4XNgKWTqzddrR5AoKRusqceLCq9efr4T1iZpVkpndPTk invoke [1]
    Program 11111111111111111111111111111111 invoke [2]
    Program 11111111111111111111111111111111 success
    Program TokenkegQfeZyiNwAJbNbGKPFXCWuBvf9Ss623VQ5DA invoke [2]
    Program log: Instruction: InitializeAccount
    Program TokenkegQfeZyiNwAJbNbGKPFXCWuBvf9Ss623VQ5DA consumed 3449 of 189260 compute units
    Program TokenkegQfeZyiNwAJbNbGKPFXCWuBvf9Ss623VQ5DA success
    Program 11111111111111111111111111111111 invoke [2]
    Program 11111111111111111111111111111111 success
    Program 11111111111111111111111111111111 invoke [2]
    Program 11111111111111111111111111111111 success
    Program TokenkegQfeZyiNwAJbNbGKPFXCWuBvf9Ss623VQ5DA invoke [2]
    Program log: Instruction: InitializeAccount
    Program TokenkegQfeZyiNwAJbNbGKPFXCWuBvf9Ss623VQ5DA consumed 3449 of 170813 compute units
    Program TokenkegQfeZyiNwAJbNbGKPFXCWuBvf9Ss623VQ5DA success
    Program 11111111111111111111111111111111 invoke [2]
    Program 11111111111111111111111111111111 success
    Program 11111111111111111111111111111111 invoke [2]
    Program 11111111111111111111111111111111 success
    Program 11111111111111111111111111111111 invoke [2]
    Program 11111111111111111111111111111111 success
    Program 9xQeWvG816bUx9EPjHmaT23yvVM2ZWbrrpZb9PusVFin invoke [2]
    Program 9xQeWvG816bUx9EPjHmaT23yvVM2ZWbrrpZb9PusVFin consumed 3371 of 132493 compute units
    Program 9xQeWvG816bUx9EPjHmaT23yvVM2ZWbrrpZb9PusVFin success
    Program log: registered reserve #11
    Program TokenkegQfeZyiNwAJbNbGKPFXCWuBvf9Ss623VQ5DA invoke [2]
    Program log: Instruction: InitializeMint
    Program TokenkegQfeZyiNwAJbNbGKPFXCWuBvf9Ss623VQ5DA consumed 2391 of 125556 compute units
    Program TokenkegQfeZyiNwAJbNbGKPFXCWuBvf9Ss623VQ5DA success
    Program TokenkegQfeZyiNwAJbNbGKPFXCWuBvf9Ss623VQ5DA invoke [2]
    Program log: Instruction: InitializeMint
    Program TokenkegQfeZyiNwAJbNbGKPFXCWuBvf9Ss623VQ5DA consumed 2391 of 121069 compute units
    Program TokenkegQfeZyiNwAJbNbGKPFXCWuBvf9Ss623VQ5DA success
    Program TokenkegQfeZyiNwAJbNbGKPFXCWuBvf9Ss623VQ5DA invoke [2]
    Program log: Instruction: InitializeAccount
    Program TokenkegQfeZyiNwAJbNbGKPFXCWuBvf9Ss623VQ5DA consumed 3449 of 116072 compute units
    Program TokenkegQfeZyiNwAJbNbGKPFXCWuBvf9Ss623VQ5DA success
    Program 4XNgKWTqzddrR5AoKRusqceLCq9efr4T1iZpVkpndPTk consumed 88657 of 200000 compute units
    Program 4XNgKWTqzddrR5AoKRusqceLCq9efr4T1iZpVkpndPTk success
Transaction executed in slot 89:
  Signature: 61jyVYT86xSupi5kPdUtbocEHcJ8btzwk3bZsDZkeqkDD2AYBPUudvZydywBwGZ2WP9RY46MeuwkY4SCubdUCFjh
  Status: Ok
  Log Messages:
    Program 11111111111111111111111111111111 invoke [1]
    Program 11111111111111111111111111111111 success
    Program 4XNgKWTqzddrR5AoKRusqceLCq9efr4T1iZpVkpndPTk invoke [1]
    Program 11111111111111111111111111111111 invoke [2]
    Program 11111111111111111111111111111111 success
    Program TokenkegQfeZyiNwAJbNbGKPFXCWuBvf9Ss623VQ5DA invoke [2]
    Program log: Instruction: InitializeAccount
    Program TokenkegQfeZyiNwAJbNbGKPFXCWuBvf9Ss623VQ5DA consumed 3449 of 189260 compute units
    Program TokenkegQfeZyiNwAJbNbGKPFXCWuBvf9Ss623VQ5DA success
    Program 11111111111111111111111111111111 invoke [2]
    Program 11111111111111111111111111111111 success
    Program 11111111111111111111111111111111 invoke [2]
    Program 11111111111111111111111111111111 success
    Program TokenkegQfeZyiNwAJbNbGKPFXCWuBvf9Ss623VQ5DA invoke [2]
    Program log: Instruction: InitializeAccount
    Program TokenkegQfeZyiNwAJbNbGKPFXCWuBvf9Ss623VQ5DA consumed 3449 of 164813 compute units
    Program TokenkegQfeZyiNwAJbNbGKPFXCWuBvf9Ss623VQ5DA success
    Program 11111111111111111111111111111111 invoke [2]
    Program 11111111111111111111111111111111 success
    Program 11111111111111111111111111111111 invoke [2]
    Program 11111111111111111111111111111111 success
    Program 11111111111111111111111111111111 invoke [2]
    Program 11111111111111111111111111111111 success
    Program 9xQeWvG816bUx9EPjHmaT23yvVM2ZWbrrpZb9PusVFin invoke [2]
    Program 9xQeWvG816bUx9EPjHmaT23yvVM2ZWbrrpZb9PusVFin consumed 3371 of 129493 compute units
    Program 9xQeWvG816bUx9EPjHmaT23yvVM2ZWbrrpZb9PusVFin success
    Program log: registered reserve #12
    Program TokenkegQfeZyiNwAJbNbGKPFXCWuBvf9Ss623VQ5DA invoke [2]
    Program log: Instruction: InitializeMint
    Program TokenkegQfeZyiNwAJbNbGKPFXCWuBvf9Ss623VQ5DA consumed 2391 of 122508 compute units
    Program TokenkegQfeZyiNwAJbNbGKPFXCWuBvf9Ss623VQ5DA success
    Program TokenkegQfeZyiNwAJbNbGKPFXCWuBvf9Ss623VQ5DA invoke [2]
    Program log: Instruction: InitializeMint
    Program TokenkegQfeZyiNwAJbNbGKPFXCWuBvf9Ss623VQ5DA consumed 2391 of 118021 compute units
    Program TokenkegQfeZyiNwAJbNbGKPFXCWuBvf9Ss623VQ5DA success
    Program TokenkegQfeZyiNwAJbNbGKPFXCWuBvf9Ss623VQ5DA invoke [2]
    Program log: Instruction: InitializeAccount
    Program TokenkegQfeZyiNwAJbNbGKPFXCWuBvf9Ss623VQ5DA consumed 3449 of 113024 compute units
    Program TokenkegQfeZyiNwAJbNbGKPFXCWuBvf9Ss623VQ5DA success
    Program 4XNgKWTqzddrR5AoKRusqceLCq9efr4T1iZpVkpndPTk consumed 91705 of 200000 compute units
    Program 4XNgKWTqzddrR5AoKRusqceLCq9efr4T1iZpVkpndPTk success
Transaction executed in slot 89:
  Signature: 35gJwG5n4rtQFeBnQrPZB9E2UBFew5uee7m5EWuaPA66J7ifdw9x3gs59qPAfo93Xe98V722UJyqtnn2QL9vUSWq
  Status: Ok
  Log Messages:
    Program 11111111111111111111111111111111 invoke [1]
    Program 11111111111111111111111111111111 success
    Program 4XNgKWTqzddrR5AoKRusqceLCq9efr4T1iZpVkpndPTk invoke [1]
    Program 11111111111111111111111111111111 invoke [2]
    Program 11111111111111111111111111111111 success
    Program TokenkegQfeZyiNwAJbNbGKPFXCWuBvf9Ss623VQ5DA invoke [2]
    Program log: Instruction: InitializeAccount
    Program TokenkegQfeZyiNwAJbNbGKPFXCWuBvf9Ss623VQ5DA consumed 3449 of 189260 compute units
    Program TokenkegQfeZyiNwAJbNbGKPFXCWuBvf9Ss623VQ5DA success
    Program 11111111111111111111111111111111 invoke [2]
    Program 11111111111111111111111111111111 success
    Program 11111111111111111111111111111111 invoke [2]
    Program 11111111111111111111111111111111 success
    Program TokenkegQfeZyiNwAJbNbGKPFXCWuBvf9Ss623VQ5DA invoke [2]
    Program log: Instruction: InitializeAccount
    Program TokenkegQfeZyiNwAJbNbGKPFXCWuBvf9Ss623VQ5DA consumed 3449 of 169313 compute units
    Program TokenkegQfeZyiNwAJbNbGKPFXCWuBvf9Ss623VQ5DA success
    Program 11111111111111111111111111111111 invoke [2]
    Program 11111111111111111111111111111111 success
    Program 11111111111111111111111111111111 invoke [2]
    Program 11111111111111111111111111111111 success
    Program 11111111111111111111111111111111 invoke [2]
    Program 11111111111111111111111111111111 success
    Program 9xQeWvG816bUx9EPjHmaT23yvVM2ZWbrrpZb9PusVFin invoke [2]
    Program 9xQeWvG816bUx9EPjHmaT23yvVM2ZWbrrpZb9PusVFin consumed 3371 of 136993 compute units
    Program 9xQeWvG816bUx9EPjHmaT23yvVM2ZWbrrpZb9PusVFin success
    Program log: registered reserve #13
    Program TokenkegQfeZyiNwAJbNbGKPFXCWuBvf9Ss623VQ5DA invoke [2]
    Program log: Instruction: InitializeMint
    Program TokenkegQfeZyiNwAJbNbGKPFXCWuBvf9Ss623VQ5DA consumed 2391 of 129961 compute units
    Program TokenkegQfeZyiNwAJbNbGKPFXCWuBvf9Ss623VQ5DA success
    Program TokenkegQfeZyiNwAJbNbGKPFXCWuBvf9Ss623VQ5DA invoke [2]
    Program log: Instruction: InitializeMint
    Program TokenkegQfeZyiNwAJbNbGKPFXCWuBvf9Ss623VQ5DA consumed 2391 of 125474 compute units
    Program TokenkegQfeZyiNwAJbNbGKPFXCWuBvf9Ss623VQ5DA success
    Program TokenkegQfeZyiNwAJbNbGKPFXCWuBvf9Ss623VQ5DA invoke [2]
    Program log: Instruction: InitializeAccount
    Program TokenkegQfeZyiNwAJbNbGKPFXCWuBvf9Ss623VQ5DA consumed 3449 of 120477 compute units
    Program TokenkegQfeZyiNwAJbNbGKPFXCWuBvf9Ss623VQ5DA success
    Program 4XNgKWTqzddrR5AoKRusqceLCq9efr4T1iZpVkpndPTk consumed 84252 of 200000 compute units
    Program 4XNgKWTqzddrR5AoKRusqceLCq9efr4T1iZpVkpndPTk success
Transaction executed in slot 99:
  Signature: 4QAaH4afqjSCC3FYvqgb95jDSwWK17cK2Simr3zQskfYheUg77FuwyBCgUoutPcc2JTudkencaDeiTvQe3PKcpK4
  Status: Ok
  Log Messages:
    Program 11111111111111111111111111111111 invoke [1]
    Program 11111111111111111111111111111111 success
    Program 9xQeWvG816bUx9EPjHmaT23yvVM2ZWbrrpZb9PusVFin invoke [1]
    Program TokenkegQfeZyiNwAJbNbGKPFXCWuBvf9Ss623VQ5DA invoke [2]
    Program log: Instruction: Transfer
    Program TokenkegQfeZyiNwAJbNbGKPFXCWuBvf9Ss623VQ5DA consumed 3121 of 188624 compute units
    Program TokenkegQfeZyiNwAJbNbGKPFXCWuBvf9Ss623VQ5DA success
    Program 9xQeWvG816bUx9EPjHmaT23yvVM2ZWbrrpZb9PusVFin consumed 15636 of 200000 compute units
    Program 9xQeWvG816bUx9EPjHmaT23yvVM2ZWbrrpZb9PusVFin success
Transaction executed in slot 99:
  Signature: 4FD8rJCY4Tp2qLdn6jvqd1SePBJwQU9LgAf55EWHxKzsF58ci8an7C1jgstAoacmDaUAemUiFAdGFXhipF6wKdaq
  Status: Ok
  Log Messages:
    Program 11111111111111111111111111111111 invoke [1]
    Program 11111111111111111111111111111111 success
    Program 9xQeWvG816bUx9EPjHmaT23yvVM2ZWbrrpZb9PusVFin invoke [1]
    Program TokenkegQfeZyiNwAJbNbGKPFXCWuBvf9Ss623VQ5DA invoke [2]
    Program log: Instruction: Transfer
    Program TokenkegQfeZyiNwAJbNbGKPFXCWuBvf9Ss623VQ5DA consumed 3121 of 186289 compute units
    Program TokenkegQfeZyiNwAJbNbGKPFXCWuBvf9Ss623VQ5DA success
    Program 9xQeWvG816bUx9EPjHmaT23yvVM2ZWbrrpZb9PusVFin consumed 17971 of 200000 compute units
    Program 9xQeWvG816bUx9EPjHmaT23yvVM2ZWbrrpZb9PusVFin success
Transaction executed in slot 99:
  Signature: 5FKepho9GUkqruDhCvC2h4QDpJGRQJJtpqiR6LxPe6hjTCpj1CSVEiQyS543grPzJTkeENfFtZh71t1w5CQzz5kf
  Status: Ok
  Log Messages:
    Program 11111111111111111111111111111111 invoke [1]
    Program 11111111111111111111111111111111 success
    Program 9xQeWvG816bUx9EPjHmaT23yvVM2ZWbrrpZb9PusVFin invoke [1]
    Program TokenkegQfeZyiNwAJbNbGKPFXCWuBvf9Ss623VQ5DA invoke [2]
    Program log: Instruction: Transfer
    Program TokenkegQfeZyiNwAJbNbGKPFXCWuBvf9Ss623VQ5DA consumed 3121 of 188624 compute units
    Program TokenkegQfeZyiNwAJbNbGKPFXCWuBvf9Ss623VQ5DA success
    Program 9xQeWvG816bUx9EPjHmaT23yvVM2ZWbrrpZb9PusVFin consumed 15636 of 200000 compute units
    Program 9xQeWvG816bUx9EPjHmaT23yvVM2ZWbrrpZb9PusVFin success
Transaction executed in slot 99:
  Signature: 4gjj5pbLF8NNsFXgAQ9G97iN3vqcTgChKnGDw5UwCxsRdHpxpPntGwDkTyg9qJfNAerBipovbZdVDwsBgnTV5X7J
  Status: Ok
  Log Messages:
    Program 11111111111111111111111111111111 invoke [1]
    Program 11111111111111111111111111111111 success
    Program 9xQeWvG816bUx9EPjHmaT23yvVM2ZWbrrpZb9PusVFin invoke [1]
    Program TokenkegQfeZyiNwAJbNbGKPFXCWuBvf9Ss623VQ5DA invoke [2]
    Program log: Instruction: Transfer
    Program TokenkegQfeZyiNwAJbNbGKPFXCWuBvf9Ss623VQ5DA consumed 3121 of 186289 compute units
    Program TokenkegQfeZyiNwAJbNbGKPFXCWuBvf9Ss623VQ5DA success
    Program 9xQeWvG816bUx9EPjHmaT23yvVM2ZWbrrpZb9PusVFin consumed 17971 of 200000 compute units
    Program 9xQeWvG816bUx9EPjHmaT23yvVM2ZWbrrpZb9PusVFin success
Transaction executed in slot 100:
  Signature: 4HVdhwEtU9hxnXLyPP2cQ7LUY4sWKgAPXo6KDd55fyDHSPRL2QjQuhihMfBBPToj2KUWdZzYuVctFiTEyeZv7HBC
  Status: Ok
  Log Messages:
    Program 11111111111111111111111111111111 invoke [1]
    Program 11111111111111111111111111111111 success
    Program 9xQeWvG816bUx9EPjHmaT23yvVM2ZWbrrpZb9PusVFin invoke [1]
    Program TokenkegQfeZyiNwAJbNbGKPFXCWuBvf9Ss623VQ5DA invoke [2]
    Program log: Instruction: Transfer
    Program TokenkegQfeZyiNwAJbNbGKPFXCWuBvf9Ss623VQ5DA consumed 3121 of 188624 compute units
    Program TokenkegQfeZyiNwAJbNbGKPFXCWuBvf9Ss623VQ5DA success
    Program 9xQeWvG816bUx9EPjHmaT23yvVM2ZWbrrpZb9PusVFin consumed 15636 of 200000 compute units
    Program 9xQeWvG816bUx9EPjHmaT23yvVM2ZWbrrpZb9PusVFin success
Transaction executed in slot 100:
  Signature: 566a5co7T44nz6fqqHDgysqwYD1CfJeQogEV2yXZ3UdnKsMpdn8Sm45GNRoPLTwzLT7oAb7K8QLoXhT2fJcjCQrz
  Status: Ok
  Log Messages:
    Program 11111111111111111111111111111111 invoke [1]
    Program 11111111111111111111111111111111 success
    Program 9xQeWvG816bUx9EPjHmaT23yvVM2ZWbrrpZb9PusVFin invoke [1]
    Program TokenkegQfeZyiNwAJbNbGKPFXCWuBvf9Ss623VQ5DA invoke [2]
    Program log: Instruction: Transfer
    Program TokenkegQfeZyiNwAJbNbGKPFXCWuBvf9Ss623VQ5DA consumed 3121 of 186289 compute units
    Program TokenkegQfeZyiNwAJbNbGKPFXCWuBvf9Ss623VQ5DA success
    Program 9xQeWvG816bUx9EPjHmaT23yvVM2ZWbrrpZb9PusVFin consumed 17971 of 200000 compute units
    Program 9xQeWvG816bUx9EPjHmaT23yvVM2ZWbrrpZb9PusVFin success
Transaction executed in slot 100:
  Signature: MxQzbthnXaFZhAq79gk3iWFgqfLcZ7ocA6aoevhKtr1LNCXHiTxi8Z5Da6vSB7VvBj9Rdf4QS8puYcjWyRTJVBD
  Status: Ok
  Log Messages:
    Program 11111111111111111111111111111111 invoke [1]
    Program 11111111111111111111111111111111 success
    Program 9xQeWvG816bUx9EPjHmaT23yvVM2ZWbrrpZb9PusVFin invoke [1]
    Program TokenkegQfeZyiNwAJbNbGKPFXCWuBvf9Ss623VQ5DA invoke [2]
    Program log: Instruction: Transfer
    Program TokenkegQfeZyiNwAJbNbGKPFXCWuBvf9Ss623VQ5DA consumed 3121 of 188624 compute units
    Program TokenkegQfeZyiNwAJbNbGKPFXCWuBvf9Ss623VQ5DA success
    Program 9xQeWvG816bUx9EPjHmaT23yvVM2ZWbrrpZb9PusVFin consumed 15636 of 200000 compute units
    Program 9xQeWvG816bUx9EPjHmaT23yvVM2ZWbrrpZb9PusVFin success
Transaction executed in slot 100:
  Signature: 51jkpCUURAwGh5E1UkahKmdJfbysxTmWz6n2TVJMFGk1ovpagcBZZb5So3vEpaTVwWMDxD8VV1m8BtTJYTerk9uq
  Status: Ok
  Log Messages:
    Program 11111111111111111111111111111111 invoke [1]
    Program 11111111111111111111111111111111 success
    Program 9xQeWvG816bUx9EPjHmaT23yvVM2ZWbrrpZb9PusVFin invoke [1]
    Program TokenkegQfeZyiNwAJbNbGKPFXCWuBvf9Ss623VQ5DA invoke [2]
    Program log: Instruction: Transfer
    Program TokenkegQfeZyiNwAJbNbGKPFXCWuBvf9Ss623VQ5DA consumed 3121 of 186289 compute units
    Program TokenkegQfeZyiNwAJbNbGKPFXCWuBvf9Ss623VQ5DA success
    Program 9xQeWvG816bUx9EPjHmaT23yvVM2ZWbrrpZb9PusVFin consumed 17971 of 200000 compute units
    Program 9xQeWvG816bUx9EPjHmaT23yvVM2ZWbrrpZb9PusVFin success
Transaction executed in slot 101:
  Signature: 3d9T74ug52QxpD3UuQzFhS2SM3SeoNGYSumNR6QiCzajjThingpeE54kzRePmkE491W8NoUhMuy8V3dzYxXEPPS9
  Status: Ok
  Log Messages:
    Program 11111111111111111111111111111111 invoke [1]
    Program 11111111111111111111111111111111 success
    Program 9xQeWvG816bUx9EPjHmaT23yvVM2ZWbrrpZb9PusVFin invoke [1]
    Program TokenkegQfeZyiNwAJbNbGKPFXCWuBvf9Ss623VQ5DA invoke [2]
    Program log: Instruction: Transfer
    Program TokenkegQfeZyiNwAJbNbGKPFXCWuBvf9Ss623VQ5DA consumed 3121 of 186375 compute units
    Program TokenkegQfeZyiNwAJbNbGKPFXCWuBvf9Ss623VQ5DA success
    Program 9xQeWvG816bUx9EPjHmaT23yvVM2ZWbrrpZb9PusVFin consumed 17885 of 200000 compute units
    Program 9xQeWvG816bUx9EPjHmaT23yvVM2ZWbrrpZb9PusVFin success
Transaction executed in slot 101:
  Signature: 8b5THiLUBCeAJ8yv1TUf5AaRyDFyLmrvNpGZHtp6LEyyZxCQ2hgdcr4RWY7jQ6dtnRpyLMCnWYWVLhSkm4T3Ynq
  Status: Ok
  Log Messages:
    Program 11111111111111111111111111111111 invoke [1]
    Program 11111111111111111111111111111111 success
    Program 9xQeWvG816bUx9EPjHmaT23yvVM2ZWbrrpZb9PusVFin invoke [1]
    Program TokenkegQfeZyiNwAJbNbGKPFXCWuBvf9Ss623VQ5DA invoke [2]
    Program log: Instruction: Transfer
    Program TokenkegQfeZyiNwAJbNbGKPFXCWuBvf9Ss623VQ5DA consumed 3121 of 188546 compute units
    Program TokenkegQfeZyiNwAJbNbGKPFXCWuBvf9Ss623VQ5DA success
    Program 9xQeWvG816bUx9EPjHmaT23yvVM2ZWbrrpZb9PusVFin consumed 15714 of 200000 compute units
    Program 9xQeWvG816bUx9EPjHmaT23yvVM2ZWbrrpZb9PusVFin success
Transaction executed in slot 101:
  Signature: 3oobqK8qTtvvuvEtQ58Sugfa2YVTZfomR1KCBeqFr4ZuVJ35CuGU5dddjmH7AC9WuZdAYLhwF4A11jCaxx7BtzLd
  Status: Ok
  Log Messages:
    Program 11111111111111111111111111111111 invoke [1]
    Program 11111111111111111111111111111111 success
    Program 9xQeWvG816bUx9EPjHmaT23yvVM2ZWbrrpZb9PusVFin invoke [1]
    Program TokenkegQfeZyiNwAJbNbGKPFXCWuBvf9Ss623VQ5DA invoke [2]
    Program log: Instruction: Transfer
    Program TokenkegQfeZyiNwAJbNbGKPFXCWuBvf9Ss623VQ5DA consumed 3121 of 188624 compute units
    Program TokenkegQfeZyiNwAJbNbGKPFXCWuBvf9Ss623VQ5DA success
    Program 9xQeWvG816bUx9EPjHmaT23yvVM2ZWbrrpZb9PusVFin consumed 15636 of 200000 compute units
    Program 9xQeWvG816bUx9EPjHmaT23yvVM2ZWbrrpZb9PusVFin success
Transaction executed in slot 101:
  Signature: 5UT9DNsDjmjAbHq5u9d5cWVd3YJ1svk8HwZaiEGK3ha3CtvwS4kSZEUZdBrmfKMRNQqCufm9MbHMLgRzmxaAqMSb
  Status: Ok
  Log Messages:
    Program 11111111111111111111111111111111 invoke [1]
    Program 11111111111111111111111111111111 success
    Program 9xQeWvG816bUx9EPjHmaT23yvVM2ZWbrrpZb9PusVFin invoke [1]
    Program TokenkegQfeZyiNwAJbNbGKPFXCWuBvf9Ss623VQ5DA invoke [2]
    Program log: Instruction: Transfer
    Program TokenkegQfeZyiNwAJbNbGKPFXCWuBvf9Ss623VQ5DA consumed 3121 of 186289 compute units
    Program TokenkegQfeZyiNwAJbNbGKPFXCWuBvf9Ss623VQ5DA success
    Program 9xQeWvG816bUx9EPjHmaT23yvVM2ZWbrrpZb9PusVFin consumed 17971 of 200000 compute units
    Program 9xQeWvG816bUx9EPjHmaT23yvVM2ZWbrrpZb9PusVFin success
Transaction executed in slot 101:
  Signature: 55QKhrVqhhwk6prYyUtLeQkuTz3LcPpdaKA6ZSB9v29gzYnwpq2ztkuRxCytnz3WvHpFTPDm1fJfF25wyVG3mi4o
  Status: Ok
  Log Messages:
    Program 11111111111111111111111111111111 invoke [1]
    Program 11111111111111111111111111111111 success
    Program 9xQeWvG816bUx9EPjHmaT23yvVM2ZWbrrpZb9PusVFin invoke [1]
    Program TokenkegQfeZyiNwAJbNbGKPFXCWuBvf9Ss623VQ5DA invoke [2]
    Program log: Instruction: Transfer
    Program TokenkegQfeZyiNwAJbNbGKPFXCWuBvf9Ss623VQ5DA consumed 3121 of 188624 compute units
    Program TokenkegQfeZyiNwAJbNbGKPFXCWuBvf9Ss623VQ5DA success
    Program 9xQeWvG816bUx9EPjHmaT23yvVM2ZWbrrpZb9PusVFin consumed 15636 of 200000 compute units
    Program 9xQeWvG816bUx9EPjHmaT23yvVM2ZWbrrpZb9PusVFin success
Transaction executed in slot 102:
  Signature: 2TigCPnKdSiMFRxSmQjsXrVPkxFUGVWJVZ2yNaJYWXipKTr94EMZGNrwAszg1A84Pei9rsEx4VkQhRaS3RxLVZjS
  Status: Ok
  Log Messages:
    Program 11111111111111111111111111111111 invoke [1]
    Program 11111111111111111111111111111111 success
    Program 9xQeWvG816bUx9EPjHmaT23yvVM2ZWbrrpZb9PusVFin invoke [1]
    Program TokenkegQfeZyiNwAJbNbGKPFXCWuBvf9Ss623VQ5DA invoke [2]
    Program log: Instruction: Transfer
    Program TokenkegQfeZyiNwAJbNbGKPFXCWuBvf9Ss623VQ5DA consumed 3121 of 186289 compute units
    Program TokenkegQfeZyiNwAJbNbGKPFXCWuBvf9Ss623VQ5DA success
    Program 9xQeWvG816bUx9EPjHmaT23yvVM2ZWbrrpZb9PusVFin consumed 17971 of 200000 compute units
    Program 9xQeWvG816bUx9EPjHmaT23yvVM2ZWbrrpZb9PusVFin success
Transaction executed in slot 103:
  Signature: axKo3aYsgYoaSGH6rqN4Z9ab9S7iRtDCxarfa37ACY2ySeeJUbGuceuz2zu667s3Wg8747Jm1mKpSfseszSFNfU
  Status: Ok
  Log Messages:
    Program 11111111111111111111111111111111 invoke [1]
    Program 11111111111111111111111111111111 success
    Program 9xQeWvG816bUx9EPjHmaT23yvVM2ZWbrrpZb9PusVFin invoke [1]
    Program TokenkegQfeZyiNwAJbNbGKPFXCWuBvf9Ss623VQ5DA invoke [2]
    Program log: Instruction: Transfer
    Program TokenkegQfeZyiNwAJbNbGKPFXCWuBvf9Ss623VQ5DA consumed 3121 of 188624 compute units
    Program TokenkegQfeZyiNwAJbNbGKPFXCWuBvf9Ss623VQ5DA success
    Program 9xQeWvG816bUx9EPjHmaT23yvVM2ZWbrrpZb9PusVFin consumed 15636 of 200000 compute units
    Program 9xQeWvG816bUx9EPjHmaT23yvVM2ZWbrrpZb9PusVFin success
Transaction executed in slot 103:
  Signature: DF4G44KWXRCzQcZL9TJ9VJkTqXGhmFtxLGhitEALRsDQq6P9vPFXZ5W6rjnEtkf4aAVfqSFe1FaKCKpXoYcg4sZ
  Status: Ok
  Log Messages:
    Program 11111111111111111111111111111111 invoke [1]
    Program 11111111111111111111111111111111 success
    Program 9xQeWvG816bUx9EPjHmaT23yvVM2ZWbrrpZb9PusVFin invoke [1]
    Program TokenkegQfeZyiNwAJbNbGKPFXCWuBvf9Ss623VQ5DA invoke [2]
    Program log: Instruction: Transfer
    Program TokenkegQfeZyiNwAJbNbGKPFXCWuBvf9Ss623VQ5DA consumed 3121 of 186289 compute units
    Program TokenkegQfeZyiNwAJbNbGKPFXCWuBvf9Ss623VQ5DA success
    Program 9xQeWvG816bUx9EPjHmaT23yvVM2ZWbrrpZb9PusVFin consumed 17971 of 200000 compute units
    Program 9xQeWvG816bUx9EPjHmaT23yvVM2ZWbrrpZb9PusVFin success
Transaction executed in slot 103:
  Signature: 2PKqbcEmeXakQHAYVy7QqSpeui2TLY7cVt14ATN86Wu1HAr4nsRgpNwGYi82BRnkU1xQu9mEJjJaXsWMC646YVnQ
  Status: Ok
  Log Messages:
    Program 11111111111111111111111111111111 invoke [1]
    Program 11111111111111111111111111111111 success
    Program 9xQeWvG816bUx9EPjHmaT23yvVM2ZWbrrpZb9PusVFin invoke [1]
    Program TokenkegQfeZyiNwAJbNbGKPFXCWuBvf9Ss623VQ5DA invoke [2]
    Program log: Instruction: Transfer
    Program TokenkegQfeZyiNwAJbNbGKPFXCWuBvf9Ss623VQ5DA consumed 3121 of 188624 compute units
    Program TokenkegQfeZyiNwAJbNbGKPFXCWuBvf9Ss623VQ5DA success
    Program 9xQeWvG816bUx9EPjHmaT23yvVM2ZWbrrpZb9PusVFin consumed 15636 of 200000 compute units
    Program 9xQeWvG816bUx9EPjHmaT23yvVM2ZWbrrpZb9PusVFin success
Transaction executed in slot 103:
  Signature: KDcXmn2fhEAwPXtoVguDKGEfpRoHNPNifZT5o5J1GH2EV9csGs4J2Z4LcVp6PKuQEt5xoW2BiABCNoH6FUunsps
  Status: Ok
  Log Messages:
    Program 11111111111111111111111111111111 invoke [1]
    Program 11111111111111111111111111111111 success
    Program 9xQeWvG816bUx9EPjHmaT23yvVM2ZWbrrpZb9PusVFin invoke [1]
    Program TokenkegQfeZyiNwAJbNbGKPFXCWuBvf9Ss623VQ5DA invoke [2]
    Program log: Instruction: Transfer
    Program TokenkegQfeZyiNwAJbNbGKPFXCWuBvf9Ss623VQ5DA consumed 3121 of 186289 compute units
    Program TokenkegQfeZyiNwAJbNbGKPFXCWuBvf9Ss623VQ5DA success
    Program 9xQeWvG816bUx9EPjHmaT23yvVM2ZWbrrpZb9PusVFin consumed 17971 of 200000 compute units
    Program 9xQeWvG816bUx9EPjHmaT23yvVM2ZWbrrpZb9PusVFin success
Transaction executed in slot 104:
  Signature: 5AqRLUAnjU5utJzEhib8F3PmyWffwGPz3YUuR2qDDws1rw6hJsHtD98ygfp5Uf5kMva3aTUB8SsU5awQQbCgvvP7
  Status: Ok
  Log Messages:
    Program 11111111111111111111111111111111 invoke [1]
    Program 11111111111111111111111111111111 success
    Program 9xQeWvG816bUx9EPjHmaT23yvVM2ZWbrrpZb9PusVFin invoke [1]
    Program TokenkegQfeZyiNwAJbNbGKPFXCWuBvf9Ss623VQ5DA invoke [2]
    Program log: Instruction: Transfer
    Program TokenkegQfeZyiNwAJbNbGKPFXCWuBvf9Ss623VQ5DA consumed 3121 of 188624 compute units
    Program TokenkegQfeZyiNwAJbNbGKPFXCWuBvf9Ss623VQ5DA success
    Program 9xQeWvG816bUx9EPjHmaT23yvVM2ZWbrrpZb9PusVFin consumed 15636 of 200000 compute units
    Program 9xQeWvG816bUx9EPjHmaT23yvVM2ZWbrrpZb9PusVFin success
Transaction executed in slot 104:
  Signature: ZV6CLTGxwJ4tcFJVgg28vMh36mvqtaLvLEpfzrUHp581g4o1NCNTeoWtuavEPpSWBuLf4B4cNcy67kjh6xM7mgo
  Status: Ok
  Log Messages:
    Program 11111111111111111111111111111111 invoke [1]
    Program 11111111111111111111111111111111 success
    Program 9xQeWvG816bUx9EPjHmaT23yvVM2ZWbrrpZb9PusVFin invoke [1]
    Program TokenkegQfeZyiNwAJbNbGKPFXCWuBvf9Ss623VQ5DA invoke [2]
    Program log: Instruction: Transfer
    Program TokenkegQfeZyiNwAJbNbGKPFXCWuBvf9Ss623VQ5DA consumed 3121 of 186289 compute units
    Program TokenkegQfeZyiNwAJbNbGKPFXCWuBvf9Ss623VQ5DA success
    Program 9xQeWvG816bUx9EPjHmaT23yvVM2ZWbrrpZb9PusVFin consumed 17971 of 200000 compute units
    Program 9xQeWvG816bUx9EPjHmaT23yvVM2ZWbrrpZb9PusVFin success
Transaction executed in slot 113:
  Signature: 3uByHUMT8x97wYqyu4p1U2vSwSQWL4bBbPFmMTpzXdtGUSuER3Zb8WEfsrdTFus1qn1tScu3e79mN9FKMsfkAeLp
  Status: Ok
  Log Messages:
    Program 4XNgKWTqzddrR5AoKRusqceLCq9efr4T1iZpVkpndPTk invoke [1]
    Program log: reserve refreshed
    Program 4XNgKWTqzddrR5AoKRusqceLCq9efr4T1iZpVkpndPTk consumed 27403 of 200000 compute units
    Program 4XNgKWTqzddrR5AoKRusqceLCq9efr4T1iZpVkpndPTk success
    Program 4XNgKWTqzddrR5AoKRusqceLCq9efr4T1iZpVkpndPTk invoke [1]
    Program log: reserve refreshed
    Program 4XNgKWTqzddrR5AoKRusqceLCq9efr4T1iZpVkpndPTk consumed 17456 of 172597 compute units
    Program 4XNgKWTqzddrR5AoKRusqceLCq9efr4T1iZpVkpndPTk success
    Program 4XNgKWTqzddrR5AoKRusqceLCq9efr4T1iZpVkpndPTk invoke [1]
    Program log: attempting liquidation
    Program log: ready to liquidate
    Program 9xQeWvG816bUx9EPjHmaT23yvVM2ZWbrrpZb9PusVFin invoke [2]
    Program TokenkegQfeZyiNwAJbNbGKPFXCWuBvf9Ss623VQ5DA invoke [3]
    Program log: Instruction: Transfer
    Program TokenkegQfeZyiNwAJbNbGKPFXCWuBvf9Ss623VQ5DA consumed 3121 of 74738 compute units
    Program TokenkegQfeZyiNwAJbNbGKPFXCWuBvf9Ss623VQ5DA success
    Program 9xQeWvG816bUx9EPjHmaT23yvVM2ZWbrrpZb9PusVFin consumed 15515 of 85993 compute units
    Program 9xQeWvG816bUx9EPjHmaT23yvVM2ZWbrrpZb9PusVFin success
    Program 9xQeWvG816bUx9EPjHmaT23yvVM2ZWbrrpZb9PusVFin invoke [2]
    Program TokenkegQfeZyiNwAJbNbGKPFXCWuBvf9Ss623VQ5DA invoke [3]
    Program log: Instruction: Transfer
    Program TokenkegQfeZyiNwAJbNbGKPFXCWuBvf9Ss623VQ5DA consumed 3121 of 54213 compute units
    Program TokenkegQfeZyiNwAJbNbGKPFXCWuBvf9Ss623VQ5DA success
    Program TokenkegQfeZyiNwAJbNbGKPFXCWuBvf9Ss623VQ5DA invoke [3]
    Program log: Instruction: Transfer
    Program TokenkegQfeZyiNwAJbNbGKPFXCWuBvf9Ss623VQ5DA consumed 3121 of 48392 compute units
    Program TokenkegQfeZyiNwAJbNbGKPFXCWuBvf9Ss623VQ5DA success
    Program 9xQeWvG816bUx9EPjHmaT23yvVM2ZWbrrpZb9PusVFin consumed 19630 of 64029 compute units
    Program 9xQeWvG816bUx9EPjHmaT23yvVM2ZWbrrpZb9PusVFin success
    Program log: collateral sold
    Program log: swap is ok
    Program TokenkegQfeZyiNwAJbNbGKPFXCWuBvf9Ss623VQ5DA invoke [2]
    Program log: Instruction: Burn
    Program TokenkegQfeZyiNwAJbNbGKPFXCWuBvf9Ss623VQ5DA consumed 2870 of 29376 compute units
    Program TokenkegQfeZyiNwAJbNbGKPFXCWuBvf9Ss623VQ5DA success
    Program TokenkegQfeZyiNwAJbNbGKPFXCWuBvf9Ss623VQ5DA invoke [2]
    Program log: Instruction: Burn
    Program TokenkegQfeZyiNwAJbNbGKPFXCWuBvf9Ss623VQ5DA consumed 2870 of 23591 compute units
    Program TokenkegQfeZyiNwAJbNbGKPFXCWuBvf9Ss623VQ5DA success
    Program log: liquidation complete!
    Program 4XNgKWTqzddrR5AoKRusqceLCq9efr4T1iZpVkpndPTk consumed 136520 of 155141 compute units
    Program 4XNgKWTqzddrR5AoKRusqceLCq9efr4T1iZpVkpndPTk success
Transaction executed in slot 113:
  Signature: 4atsmW9xck4FN8mAHY9GVm8BeusUReudj1vSmP6uKF5ASjVFBzq3FJXB56nHBcVwxwYHxEzxmyKnhxpwG6GBydsi
  Status: Ok
  Log Messages:
    Program 4XNgKWTqzddrR5AoKRusqceLCq9efr4T1iZpVkpndPTk invoke [1]
    Program TokenkegQfeZyiNwAJbNbGKPFXCWuBvf9Ss623VQ5DA invoke [2]
    Program log: Instruction: MintTo
    Program TokenkegQfeZyiNwAJbNbGKPFXCWuBvf9Ss623VQ5DA consumed 2883 of 176750 compute units
    Program TokenkegQfeZyiNwAJbNbGKPFXCWuBvf9Ss623VQ5DA success
    Program log: reserve refreshed
    Program 4XNgKWTqzddrR5AoKRusqceLCq9efr4T1iZpVkpndPTk consumed 26858 of 200000 compute units
    Program 4XNgKWTqzddrR5AoKRusqceLCq9efr4T1iZpVkpndPTk success
    Program 4XNgKWTqzddrR5AoKRusqceLCq9efr4T1iZpVkpndPTk invoke [1]
    Program log: reserve refreshed
    Program 4XNgKWTqzddrR5AoKRusqceLCq9efr4T1iZpVkpndPTk consumed 17456 of 173142 compute units
    Program 4XNgKWTqzddrR5AoKRusqceLCq9efr4T1iZpVkpndPTk success
    Program 4XNgKWTqzddrR5AoKRusqceLCq9efr4T1iZpVkpndPTk invoke [1]
    Program log: attempting liquidation
    Program log: ready to liquidate
    Program 9xQeWvG816bUx9EPjHmaT23yvVM2ZWbrrpZb9PusVFin invoke [2]
    Program TokenkegQfeZyiNwAJbNbGKPFXCWuBvf9Ss623VQ5DA invoke [3]
    Program log: Instruction: Transfer
    Program TokenkegQfeZyiNwAJbNbGKPFXCWuBvf9Ss623VQ5DA consumed 3121 of 75755 compute units
    Program TokenkegQfeZyiNwAJbNbGKPFXCWuBvf9Ss623VQ5DA success
    Program 9xQeWvG816bUx9EPjHmaT23yvVM2ZWbrrpZb9PusVFin consumed 15515 of 87010 compute units
    Program 9xQeWvG816bUx9EPjHmaT23yvVM2ZWbrrpZb9PusVFin success
    Program 9xQeWvG816bUx9EPjHmaT23yvVM2ZWbrrpZb9PusVFin invoke [2]
    Program TokenkegQfeZyiNwAJbNbGKPFXCWuBvf9Ss623VQ5DA invoke [3]
    Program log: Instruction: Transfer
    Program TokenkegQfeZyiNwAJbNbGKPFXCWuBvf9Ss623VQ5DA consumed 3121 of 55230 compute units
    Program TokenkegQfeZyiNwAJbNbGKPFXCWuBvf9Ss623VQ5DA success
    Program TokenkegQfeZyiNwAJbNbGKPFXCWuBvf9Ss623VQ5DA invoke [3]
    Program log: Instruction: Transfer
    Program TokenkegQfeZyiNwAJbNbGKPFXCWuBvf9Ss623VQ5DA consumed 3121 of 49409 compute units
    Program TokenkegQfeZyiNwAJbNbGKPFXCWuBvf9Ss623VQ5DA success
    Program 9xQeWvG816bUx9EPjHmaT23yvVM2ZWbrrpZb9PusVFin consumed 19630 of 65046 compute units
    Program 9xQeWvG816bUx9EPjHmaT23yvVM2ZWbrrpZb9PusVFin success
    Program log: collateral sold
    Program log: swap is ok
    Program TokenkegQfeZyiNwAJbNbGKPFXCWuBvf9Ss623VQ5DA invoke [2]
    Program log: Instruction: Burn
    Program TokenkegQfeZyiNwAJbNbGKPFXCWuBvf9Ss623VQ5DA consumed 2870 of 30330 compute units
    Program TokenkegQfeZyiNwAJbNbGKPFXCWuBvf9Ss623VQ5DA success
    Program TokenkegQfeZyiNwAJbNbGKPFXCWuBvf9Ss623VQ5DA invoke [2]
    Program log: Instruction: Burn
    Program TokenkegQfeZyiNwAJbNbGKPFXCWuBvf9Ss623VQ5DA consumed 2870 of 24545 compute units
    Program TokenkegQfeZyiNwAJbNbGKPFXCWuBvf9Ss623VQ5DA success
    Program log: liquidation complete!
    Program 4XNgKWTqzddrR5AoKRusqceLCq9efr4T1iZpVkpndPTk consumed 136111 of 155686 compute units
    Program 4XNgKWTqzddrR5AoKRusqceLCq9efr4T1iZpVkpndPTk success
Transaction executed in slot 126:
  Signature: 2Zcao1WUDzWCmKxkb51GRkpGemeR2DXaqP6xRAvZFHJtermbFCEwk7jpnyagjMnYPe4DEmStc9zri4LuAi8xPpig
  Status: Ok
  Log Messages:
    Program 11111111111111111111111111111111 invoke [1]
    Program 11111111111111111111111111111111 success
    Program 11111111111111111111111111111111 invoke [1]
    Program 11111111111111111111111111111111 success
    Program 11111111111111111111111111111111 invoke [1]
    Program 11111111111111111111111111111111 success
    Program 11111111111111111111111111111111 invoke [1]
    Program 11111111111111111111111111111111 success
    Program 11111111111111111111111111111111 invoke [1]
    Program 11111111111111111111111111111111 success
    Program 9xQeWvG816bUx9EPjHmaT23yvVM2ZWbrrpZb9PusVFin invoke [1]
    Program 9xQeWvG816bUx9EPjHmaT23yvVM2ZWbrrpZb9PusVFin consumed 13485 of 200000 compute units
    Program 9xQeWvG816bUx9EPjHmaT23yvVM2ZWbrrpZb9PusVFin success
Transaction executed in slot 138:
  Signature: kU2Li9bG9fdh1G1nysMdMFo19SoFh8JV71tzgJt2yEDzwqRqe4MoGuRzQb2MCzjEJCztNvZLF4aZ7BKAAVpb4PV
  Status: Ok
  Log Messages:
    Program 11111111111111111111111111111111 invoke [1]
    Program 11111111111111111111111111111111 success
    Program 4XNgKWTqzddrR5AoKRusqceLCq9efr4T1iZpVkpndPTk invoke [1]
    Program 11111111111111111111111111111111 invoke [2]
    Program 11111111111111111111111111111111 success
    Program TokenkegQfeZyiNwAJbNbGKPFXCWuBvf9Ss623VQ5DA invoke [2]
    Program log: Instruction: InitializeAccount
    Program TokenkegQfeZyiNwAJbNbGKPFXCWuBvf9Ss623VQ5DA consumed 3449 of 189335 compute units
    Program TokenkegQfeZyiNwAJbNbGKPFXCWuBvf9Ss623VQ5DA success
    Program 11111111111111111111111111111111 invoke [2]
    Program 11111111111111111111111111111111 success
    Program 11111111111111111111111111111111 invoke [2]
    Program 11111111111111111111111111111111 success
    Program TokenkegQfeZyiNwAJbNbGKPFXCWuBvf9Ss623VQ5DA invoke [2]
    Program log: Instruction: InitializeAccount
    Program TokenkegQfeZyiNwAJbNbGKPFXCWuBvf9Ss623VQ5DA consumed 3449 of 169388 compute units
    Program TokenkegQfeZyiNwAJbNbGKPFXCWuBvf9Ss623VQ5DA success
    Program 11111111111111111111111111111111 invoke [2]
    Program 11111111111111111111111111111111 success
    Program 11111111111111111111111111111111 invoke [2]
    Program 11111111111111111111111111111111 success
    Program 11111111111111111111111111111111 invoke [2]
    Program 11111111111111111111111111111111 success
    Program log: registered reserve #0
    Program TokenkegQfeZyiNwAJbNbGKPFXCWuBvf9Ss623VQ5DA invoke [2]
    Program log: Instruction: InitializeMint
    Program TokenkegQfeZyiNwAJbNbGKPFXCWuBvf9Ss623VQ5DA consumed 2391 of 137821 compute units
    Program TokenkegQfeZyiNwAJbNbGKPFXCWuBvf9Ss623VQ5DA success
    Program TokenkegQfeZyiNwAJbNbGKPFXCWuBvf9Ss623VQ5DA invoke [2]
    Program log: Instruction: InitializeMint
    Program TokenkegQfeZyiNwAJbNbGKPFXCWuBvf9Ss623VQ5DA consumed 2391 of 133334 compute units
    Program TokenkegQfeZyiNwAJbNbGKPFXCWuBvf9Ss623VQ5DA success
    Program TokenkegQfeZyiNwAJbNbGKPFXCWuBvf9Ss623VQ5DA invoke [2]
    Program log: Instruction: InitializeAccount
    Program TokenkegQfeZyiNwAJbNbGKPFXCWuBvf9Ss623VQ5DA consumed 3449 of 128337 compute units
    Program TokenkegQfeZyiNwAJbNbGKPFXCWuBvf9Ss623VQ5DA success
    Program 4XNgKWTqzddrR5AoKRusqceLCq9efr4T1iZpVkpndPTk consumed 76371 of 200000 compute units
    Program 4XNgKWTqzddrR5AoKRusqceLCq9efr4T1iZpVkpndPTk success
Transaction executed in slot 139:
  Signature: 5wfgL1EoFRHPw7RTNN5HEbqwcTaKHvybU1QmA5adFM65V3pqW8gUJAwuRBuCPvxsZzyiAzSrcApLLvWMtNN17HqM
  Status: Ok
  Log Messages:
    Program 11111111111111111111111111111111 invoke [1]
    Program 11111111111111111111111111111111 success
    Program 4XNgKWTqzddrR5AoKRusqceLCq9efr4T1iZpVkpndPTk invoke [1]
    Program 11111111111111111111111111111111 invoke [2]
    Program 11111111111111111111111111111111 success
    Program TokenkegQfeZyiNwAJbNbGKPFXCWuBvf9Ss623VQ5DA invoke [2]
    Program log: Instruction: InitializeAccount
    Program TokenkegQfeZyiNwAJbNbGKPFXCWuBvf9Ss623VQ5DA consumed 3449 of 189260 compute units
    Program TokenkegQfeZyiNwAJbNbGKPFXCWuBvf9Ss623VQ5DA success
    Program 11111111111111111111111111111111 invoke [2]
    Program 11111111111111111111111111111111 success
    Program 11111111111111111111111111111111 invoke [2]
    Program 11111111111111111111111111111111 success
    Program TokenkegQfeZyiNwAJbNbGKPFXCWuBvf9Ss623VQ5DA invoke [2]
    Program log: Instruction: InitializeAccount
    Program TokenkegQfeZyiNwAJbNbGKPFXCWuBvf9Ss623VQ5DA consumed 3449 of 164813 compute units
    Program TokenkegQfeZyiNwAJbNbGKPFXCWuBvf9Ss623VQ5DA success
    Program 11111111111111111111111111111111 invoke [2]
    Program 11111111111111111111111111111111 success
    Program 11111111111111111111111111111111 invoke [2]
    Program 11111111111111111111111111111111 success
    Program 11111111111111111111111111111111 invoke [2]
    Program 11111111111111111111111111111111 success
    Program 9xQeWvG816bUx9EPjHmaT23yvVM2ZWbrrpZb9PusVFin invoke [2]
    Program 9xQeWvG816bUx9EPjHmaT23yvVM2ZWbrrpZb9PusVFin consumed 3371 of 130993 compute units
    Program 9xQeWvG816bUx9EPjHmaT23yvVM2ZWbrrpZb9PusVFin success
    Program log: registered reserve #1
    Program TokenkegQfeZyiNwAJbNbGKPFXCWuBvf9Ss623VQ5DA invoke [2]
    Program log: Instruction: InitializeMint
    Program TokenkegQfeZyiNwAJbNbGKPFXCWuBvf9Ss623VQ5DA consumed 2391 of 124543 compute units
    Program TokenkegQfeZyiNwAJbNbGKPFXCWuBvf9Ss623VQ5DA success
    Program TokenkegQfeZyiNwAJbNbGKPFXCWuBvf9Ss623VQ5DA invoke [2]
    Program log: Instruction: InitializeMint
    Program TokenkegQfeZyiNwAJbNbGKPFXCWuBvf9Ss623VQ5DA consumed 2391 of 120056 compute units
    Program TokenkegQfeZyiNwAJbNbGKPFXCWuBvf9Ss623VQ5DA success
    Program TokenkegQfeZyiNwAJbNbGKPFXCWuBvf9Ss623VQ5DA invoke [2]
    Program log: Instruction: InitializeAccount
    Program TokenkegQfeZyiNwAJbNbGKPFXCWuBvf9Ss623VQ5DA consumed 3449 of 115059 compute units
    Program TokenkegQfeZyiNwAJbNbGKPFXCWuBvf9Ss623VQ5DA success
    Program 4XNgKWTqzddrR5AoKRusqceLCq9efr4T1iZpVkpndPTk consumed 89670 of 200000 compute units
    Program 4XNgKWTqzddrR5AoKRusqceLCq9efr4T1iZpVkpndPTk success
